19-Sep-2016 17:54:02.612 INFO [main] org.apache.catalina.startup.VersionLoggerListener.log Server version:        Apache Tomcat/8.5.5
19-Sep-2016 17:54:02.614 INFO [main] org.apache.catalina.startup.VersionLoggerListener.log Server built:          Aug 31 2016 19:51:16 UTC
19-Sep-2016 17:54:02.615 INFO [main] org.apache.catalina.startup.VersionLoggerListener.log Server number:         8.5.5.0
19-Sep-2016 17:54:02.615 INFO [main] org.apache.catalina.startup.VersionLoggerListener.log OS Name:               Windows 10
19-Sep-2016 17:54:02.615 INFO [main] org.apache.catalina.startup.VersionLoggerListener.log OS Version:            10.0
19-Sep-2016 17:54:02.615 INFO [main] org.apache.catalina.startup.VersionLoggerListener.log Architecture:          amd64
19-Sep-2016 17:54:02.615 INFO [main] org.apache.catalina.startup.VersionLoggerListener.log Java Home:             c:\program files\java\jdk1.8.0_91\jre
19-Sep-2016 17:54:02.616 INFO [main] org.apache.catalina.startup.VersionLoggerListener.log JVM Version:           1.8.0_91-b14
19-Sep-2016 17:54:02.616 INFO [main] org.apache.catalina.startup.VersionLoggerListener.log JVM Vendor:            Oracle Corporation
19-Sep-2016 17:54:02.616 INFO [main] org.apache.catalina.startup.VersionLoggerListener.log CATALINA_BASE:         C:\progs\tomcat8
19-Sep-2016 17:54:02.617 INFO [main] org.apache.catalina.startup.VersionLoggerListener.log CATALINA_HOME:         C:\progs\tomcat8
19-Sep-2016 17:54:02.617 INFO [main] org.apache.catalina.startup.VersionLoggerListener.log Command line argument: -Djdk.tls.ephemeralDHKeySize=2048
19-Sep-2016 17:54:02.617 INFO [main] org.apache.catalina.startup.VersionLoggerListener.log Command line argument: -Djava.util.logging.config.file=c:\progs\tomcat8\conf\logging.properties
19-Sep-2016 17:54:02.618 INFO [main] org.apache.catalina.startup.VersionLoggerListener.log Command line argument: -Djava.util.logging.manager=org.apache.juli.ClassLoaderLogManager
19-Sep-2016 17:54:02.618 INFO [main] org.apache.catalina.startup.VersionLoggerListener.log Command line argument: -Dcatalina.base=c:\progs\tomcat8
19-Sep-2016 17:54:02.618 INFO [main] org.apache.catalina.startup.VersionLoggerListener.log Command line argument: -Dcatalina.home=c:\progs\tomcat8
19-Sep-2016 17:54:02.618 INFO [main] org.apache.catalina.startup.VersionLoggerListener.log Command line argument: -Djava.io.tmpdir=c:\progs\tomcat8\temp
19-Sep-2016 17:54:02.619 INFO [main] org.apache.catalina.core.AprLifecycleListener.lifecycleEvent The APR based Apache Tomcat Native library which allows optimal performance in production environments was not found on the java.library.path: c:\program files\java\jdk1.8.0_91\bin;C:\WINDOWS\Sun\Java\bin;C:\WINDOWS\system32;C:\WINDOWS;C:\ProgramData\Oracle\Java\javapath;C:\Program Files (x86)\Intel\iCLS Client\;C:\Program Files\Intel\iCLS Client\;C:\Windows\system32;C:\Windows;C:\Windows\System32\Wbem;C:\Windows\System32\WindowsPowerShell\v1.0\;C:\Program Files (x86)\Intel\Intel(R) Management Engine Components\DAL;C:\Program Files\Intel\Intel(R) Management Engine Components\DAL;C:\Program Files (x86)\Intel\Intel(R) Management Engine Components\IPT;C:\Program Files\Intel\Intel(R) Management Engine Components\IPT;C:\Program Files (x86)\NVIDIA Corporation\PhysX\Common;C:\WINDOWS\system32;C:\WINDOWS;C:\WINDOWS\System32\Wbem;C:\WINDOWS\System32\WindowsPowerShell\v1.0\;C:\Users\Joshua\AppData\Local\Microsoft\WindowsApps;.
19-Sep-2016 17:54:03.001 INFO [main] org.apache.coyote.AbstractProtocol.init Initializing ProtocolHandler ["http-nio-8080"]
19-Sep-2016 17:54:03.160 INFO [main] org.apache.tomcat.util.net.NioSelectorPool.getSharedSelector Using a shared selector for servlet write/read
19-Sep-2016 17:54:03.163 INFO [main] org.apache.coyote.AbstractProtocol.init Initializing ProtocolHandler ["ajp-nio-8009"]
19-Sep-2016 17:54:03.165 INFO [main] org.apache.tomcat.util.net.NioSelectorPool.getSharedSelector Using a shared selector for servlet write/read
19-Sep-2016 17:54:03.165 INFO [main] org.apache.catalina.startup.Catalina.load Initialization processed in 1135 ms
19-Sep-2016 17:54:03.269 INFO [main] org.apache.catalina.core.StandardService.startInternal Starting service Catalina
19-Sep-2016 17:54:03.269 INFO [main] org.apache.catalina.core.StandardEngine.startInternal Starting Servlet Engine: Apache Tomcat/8.5.5
19-Sep-2016 17:54:03.289 INFO [localhost-startStop-1] org.apache.catalina.startup.HostConfig.deployDirectory Deploying web application directory C:\progs\tomcat8\webapps\docs
19-Sep-2016 17:54:04.291 INFO [localhost-startStop-1] org.apache.catalina.util.SessionIdGeneratorBase.createSecureRandom Creation of SecureRandom instance for session ID generation using [SHA1PRNG] took [375] milliseconds.
19-Sep-2016 17:54:04.310 INFO [localhost-startStop-1] org.apache.catalina.startup.HostConfig.deployDirectory Deployment of web application directory C:\progs\tomcat8\webapps\docs has finished in 1,021 ms
19-Sep-2016 17:54:04.310 INFO [localhost-startStop-1] org.apache.catalina.startup.HostConfig.deployDirectory Deploying web application directory C:\progs\tomcat8\webapps\examples
19-Sep-2016 17:54:06.263 INFO [localhost-startStop-1] org.apache.catalina.startup.HostConfig.deployDirectory Deployment of web application directory C:\progs\tomcat8\webapps\examples has finished in 1,953 ms
19-Sep-2016 17:54:06.264 INFO [localhost-startStop-1] org.apache.catalina.startup.HostConfig.deployDirectory Deploying web application directory C:\progs\tomcat8\webapps\host-manager
19-Sep-2016 17:54:06.302 INFO [localhost-startStop-1] org.apache.catalina.startup.HostConfig.deployDirectory Deployment of web application directory C:\progs\tomcat8\webapps\host-manager has finished in 38 ms
19-Sep-2016 17:54:06.302 INFO [localhost-startStop-1] org.apache.catalina.startup.HostConfig.deployDirectory Deploying web application directory C:\progs\tomcat8\webapps\manager
19-Sep-2016 17:54:06.340 INFO [localhost-startStop-1] org.apache.catalina.startup.HostConfig.deployDirectory Deployment of web application directory C:\progs\tomcat8\webapps\manager has finished in 38 ms
19-Sep-2016 17:54:06.340 INFO [localhost-startStop-1] org.apache.catalina.startup.HostConfig.deployDirectory Deploying web application directory C:\progs\tomcat8\webapps\myapp
19-Sep-2016 17:54:06.368 INFO [localhost-startStop-1] org.apache.catalina.startup.HostConfig.deployDirectory Deployment of web application directory C:\progs\tomcat8\webapps\myapp has finished in 27 ms
19-Sep-2016 17:54:06.368 INFO [localhost-startStop-1] org.apache.catalina.startup.HostConfig.deployDirectory Deploying web application directory C:\progs\tomcat8\webapps\ROOT
19-Sep-2016 17:54:06.400 INFO [localhost-startStop-1] org.apache.catalina.startup.HostConfig.deployDirectory Deployment of web application directory C:\progs\tomcat8\webapps\ROOT has finished in 31 ms
19-Sep-2016 17:54:06.400 INFO [localhost-startStop-1] org.apache.catalina.startup.HostConfig.deployDirectory Deploying web application directory C:\progs\tomcat8\webapps\webserv1
19-Sep-2016 17:54:07.471 INFO [localhost-startStop-1] org.apache.jasper.servlet.TldScanner.scanJars At least one JAR was scanned for TLDs yet contained no TLDs. Enable debug logging for this logger for a complete list of JARs that were scanned but no TLDs were found in them. Skipping unneeded JARs during scanning can improve startup time and JSP compilation time.
19-Sep-2016 17:54:08.326 INFO [localhost-startStop-1] org.apache.catalina.startup.HostConfig.deployDirectory Deployment of web application directory C:\progs\tomcat8\webapps\webserv1 has finished in 1,926 ms
19-Sep-2016 17:54:08.331 INFO [main] org.apache.coyote.AbstractProtocol.start Starting ProtocolHandler [http-nio-8080]
19-Sep-2016 17:54:08.336 INFO [main] org.apache.coyote.AbstractProtocol.start Starting ProtocolHandler [ajp-nio-8009]
19-Sep-2016 17:54:08.337 INFO [main] org.apache.catalina.startup.Catalina.start Server startup in 5171 ms
19-Sep-2016 18:08:22.570 INFO [main] org.apache.catalina.startup.VersionLoggerListener.log Server version:        Apache Tomcat/8.5.5
19-Sep-2016 18:08:22.571 INFO [main] org.apache.catalina.startup.VersionLoggerListener.log Server built:          Aug 31 2016 19:51:16 UTC
19-Sep-2016 18:08:22.571 INFO [main] org.apache.catalina.startup.VersionLoggerListener.log Server number:         8.5.5.0
19-Sep-2016 18:08:22.571 INFO [main] org.apache.catalina.startup.VersionLoggerListener.log OS Name:               Windows 10
19-Sep-2016 18:08:22.572 INFO [main] org.apache.catalina.startup.VersionLoggerListener.log OS Version:            10.0
19-Sep-2016 18:08:22.572 INFO [main] org.apache.catalina.startup.VersionLoggerListener.log Architecture:          amd64
19-Sep-2016 18:08:22.572 INFO [main] org.apache.catalina.startup.VersionLoggerListener.log Java Home:             c:\program files\java\jdk1.8.0_91\jre
19-Sep-2016 18:08:22.572 INFO [main] org.apache.catalina.startup.VersionLoggerListener.log JVM Version:           1.8.0_91-b14
19-Sep-2016 18:08:22.572 INFO [main] org.apache.catalina.startup.VersionLoggerListener.log JVM Vendor:            Oracle Corporation
19-Sep-2016 18:08:22.572 INFO [main] org.apache.catalina.startup.VersionLoggerListener.log CATALINA_BASE:         C:\progs\tomcat8
19-Sep-2016 18:08:22.573 INFO [main] org.apache.catalina.startup.VersionLoggerListener.log CATALINA_HOME:         C:\progs\tomcat8
19-Sep-2016 18:08:22.573 INFO [main] org.apache.catalina.startup.VersionLoggerListener.log Command line argument: -Djdk.tls.ephemeralDHKeySize=2048
19-Sep-2016 18:08:22.573 INFO [main] org.apache.catalina.startup.VersionLoggerListener.log Command line argument: -Djava.util.logging.config.file=c:\progs\tomcat8\conf\logging.properties
19-Sep-2016 18:08:22.573 INFO [main] org.apache.catalina.startup.VersionLoggerListener.log Command line argument: -Djava.util.logging.manager=org.apache.juli.ClassLoaderLogManager
19-Sep-2016 18:08:22.573 INFO [main] org.apache.catalina.startup.VersionLoggerListener.log Command line argument: -Dcatalina.base=c:\progs\tomcat8
19-Sep-2016 18:08:22.574 INFO [main] org.apache.catalina.startup.VersionLoggerListener.log Command line argument: -Dcatalina.home=c:\progs\tomcat8
19-Sep-2016 18:08:22.574 INFO [main] org.apache.catalina.startup.VersionLoggerListener.log Command line argument: -Djava.io.tmpdir=c:\progs\tomcat8\temp
19-Sep-2016 18:08:22.574 INFO [main] org.apache.catalina.core.AprLifecycleListener.lifecycleEvent The APR based Apache Tomcat Native library which allows optimal performance in production environments was not found on the java.library.path: c:\program files\java\jdk1.8.0_91\bin;C:\WINDOWS\Sun\Java\bin;C:\WINDOWS\system32;C:\WINDOWS;C:\ProgramData\Oracle\Java\javapath;C:\Program Files (x86)\Intel\iCLS Client\;C:\Program Files\Intel\iCLS Client\;C:\Windows\system32;C:\Windows;C:\Windows\System32\Wbem;C:\Windows\System32\WindowsPowerShell\v1.0\;C:\Program Files (x86)\Intel\Intel(R) Management Engine Components\DAL;C:\Program Files\Intel\Intel(R) Management Engine Components\DAL;C:\Program Files (x86)\Intel\Intel(R) Management Engine Components\IPT;C:\Program Files\Intel\Intel(R) Management Engine Components\IPT;C:\Program Files (x86)\NVIDIA Corporation\PhysX\Common;C:\WINDOWS\system32;C:\WINDOWS;C:\WINDOWS\System32\Wbem;C:\WINDOWS\System32\WindowsPowerShell\v1.0\;C:\Users\Joshua\AppData\Local\Microsoft\WindowsApps;.
19-Sep-2016 18:08:22.670 INFO [main] org.apache.coyote.AbstractProtocol.init Initializing ProtocolHandler ["http-nio-8080"]
19-Sep-2016 18:08:22.724 INFO [main] org.apache.tomcat.util.net.NioSelectorPool.getSharedSelector Using a shared selector for servlet write/read
19-Sep-2016 18:08:22.727 INFO [main] org.apache.coyote.AbstractProtocol.init Initializing ProtocolHandler ["ajp-nio-8009"]
19-Sep-2016 18:08:22.729 INFO [main] org.apache.tomcat.util.net.NioSelectorPool.getSharedSelector Using a shared selector for servlet write/read
19-Sep-2016 18:08:22.729 INFO [main] org.apache.catalina.startup.Catalina.load Initialization processed in 428 ms
19-Sep-2016 18:08:22.748 INFO [main] org.apache.catalina.core.StandardService.startInternal Starting service Catalina
19-Sep-2016 18:08:22.748 INFO [main] org.apache.catalina.core.StandardEngine.startInternal Starting Servlet Engine: Apache Tomcat/8.5.5
19-Sep-2016 18:08:22.757 INFO [localhost-startStop-1] org.apache.catalina.startup.HostConfig.deployDirectory Deploying web application directory C:\progs\tomcat8\webapps\docs
19-Sep-2016 18:08:23.220 INFO [localhost-startStop-1] org.apache.catalina.util.SessionIdGeneratorBase.createSecureRandom Creation of SecureRandom instance for session ID generation using [SHA1PRNG] took [283] milliseconds.
19-Sep-2016 18:08:23.236 INFO [localhost-startStop-1] org.apache.catalina.startup.HostConfig.deployDirectory Deployment of web application directory C:\progs\tomcat8\webapps\docs has finished in 479 ms
19-Sep-2016 18:08:23.236 INFO [localhost-startStop-1] org.apache.catalina.startup.HostConfig.deployDirectory Deploying web application directory C:\progs\tomcat8\webapps\examples
19-Sep-2016 18:08:23.485 INFO [localhost-startStop-1] org.apache.catalina.startup.HostConfig.deployDirectory Deployment of web application directory C:\progs\tomcat8\webapps\examples has finished in 249 ms
19-Sep-2016 18:08:23.486 INFO [localhost-startStop-1] org.apache.catalina.startup.HostConfig.deployDirectory Deploying web application directory C:\progs\tomcat8\webapps\host-manager
19-Sep-2016 18:08:23.519 INFO [localhost-startStop-1] org.apache.catalina.startup.HostConfig.deployDirectory Deployment of web application directory C:\progs\tomcat8\webapps\host-manager has finished in 33 ms
19-Sep-2016 18:08:23.520 INFO [localhost-startStop-1] org.apache.catalina.startup.HostConfig.deployDirectory Deploying web application directory C:\progs\tomcat8\webapps\manager
19-Sep-2016 18:08:23.538 INFO [localhost-startStop-1] org.apache.catalina.startup.HostConfig.deployDirectory Deployment of web application directory C:\progs\tomcat8\webapps\manager has finished in 18 ms
19-Sep-2016 18:08:23.538 INFO [localhost-startStop-1] org.apache.catalina.startup.HostConfig.deployDirectory Deploying web application directory C:\progs\tomcat8\webapps\myapp
19-Sep-2016 18:08:23.555 INFO [localhost-startStop-1] org.apache.catalina.startup.HostConfig.deployDirectory Deployment of web application directory C:\progs\tomcat8\webapps\myapp has finished in 16 ms
19-Sep-2016 18:08:23.555 INFO [localhost-startStop-1] org.apache.catalina.startup.HostConfig.deployDirectory Deploying web application directory C:\progs\tomcat8\webapps\ROOT
19-Sep-2016 18:08:23.567 INFO [localhost-startStop-1] org.apache.catalina.startup.HostConfig.deployDirectory Deployment of web application directory C:\progs\tomcat8\webapps\ROOT has finished in 12 ms
19-Sep-2016 18:08:23.567 INFO [localhost-startStop-1] org.apache.catalina.startup.HostConfig.deployDirectory Deploying web application directory C:\progs\tomcat8\webapps\webserv1
19-Sep-2016 18:08:24.103 INFO [localhost-startStop-1] org.apache.jasper.servlet.TldScanner.scanJars At least one JAR was scanned for TLDs yet contained no TLDs. Enable debug logging for this logger for a complete list of JARs that were scanned but no TLDs were found in them. Skipping unneeded JARs during scanning can improve startup time and JSP compilation time.
19-Sep-2016 18:08:24.826 INFO [localhost-startStop-1] org.apache.catalina.startup.HostConfig.deployDirectory Deployment of web application directory C:\progs\tomcat8\webapps\webserv1 has finished in 1,259 ms
19-Sep-2016 18:08:24.829 INFO [main] org.apache.coyote.AbstractProtocol.start Starting ProtocolHandler [http-nio-8080]
19-Sep-2016 18:08:24.834 INFO [main] org.apache.coyote.AbstractProtocol.start Starting ProtocolHandler [ajp-nio-8009]
19-Sep-2016 18:08:24.835 INFO [main] org.apache.catalina.startup.Catalina.start Server startup in 2105 ms
19-Sep-2016 18:24:33.570 INFO [main] org.apache.catalina.core.StandardServer.await A valid shutdown command was received via the shutdown port. Stopping the Server instance.
19-Sep-2016 18:24:33.571 INFO [main] org.apache.coyote.AbstractProtocol.pause Pausing ProtocolHandler ["http-nio-8080"]
19-Sep-2016 18:24:33.623 INFO [main] org.apache.coyote.AbstractProtocol.pause Pausing ProtocolHandler ["ajp-nio-8009"]
19-Sep-2016 18:24:33.674 INFO [main] org.apache.catalina.core.StandardService.stopInternal Stopping service Catalina
19-Sep-2016 18:24:33.718 WARNING [localhost-startStop-2] org.apache.catalina.loader.WebappClassLoaderBase.clearReferencesJdbc The web application [webserv1] registered the JDBC driver [com.mysql.jdbc.Driver] but failed to unregister it when the web application was stopped. To prevent a memory leak, the JDBC Driver has been forcibly unregistered.
19-Sep-2016 18:24:33.744 WARNING [localhost-startStop-2] org.apache.catalina.loader.WebappClassLoaderBase.clearReferencesThreads The web application [webserv1] appears to have started a thread named [Abandoned connection cleanup thread] but has failed to stop it. This is very likely to create a memory leak. Stack trace of thread:
 java.lang.Object.wait(Native Method)
 java.lang.ref.ReferenceQueue.remove(ReferenceQueue.java:143)
 com.mysql.jdbc.AbandonedConnectionCleanupThread.run(AbandonedConnectionCleanupThread.java:43)
19-Sep-2016 18:24:33.761 INFO [main] org.apache.coyote.AbstractProtocol.stop Stopping ProtocolHandler ["http-nio-8080"]
19-Sep-2016 18:24:33.764 INFO [main] org.apache.coyote.AbstractProtocol.stop Stopping ProtocolHandler ["ajp-nio-8009"]
19-Sep-2016 18:24:33.765 INFO [main] org.apache.coyote.AbstractProtocol.destroy Destroying ProtocolHandler ["http-nio-8080"]
19-Sep-2016 18:24:33.767 INFO [main] org.apache.coyote.AbstractProtocol.destroy Destroying ProtocolHandler ["ajp-nio-8009"]
19-Sep-2016 18:59:15.066 SEVERE [main] org.apache.catalina.startup.Catalina.stopServer Could not contact localhost:8005. Tomcat may not be running.
19-Sep-2016 18:59:15.071 SEVERE [main] org.apache.catalina.startup.Catalina.stopServer Catalina.stop: 
 java.net.ConnectException: Connection refused: connect
	at java.net.DualStackPlainSocketImpl.connect0(Native Method)
	at java.net.DualStackPlainSocketImpl.socketConnect(DualStackPlainSocketImpl.java:79)
	at java.net.AbstractPlainSocketImpl.doConnect(AbstractPlainSocketImpl.java:350)
	at java.net.AbstractPlainSocketImpl.connectToAddress(AbstractPlainSocketImpl.java:206)
	at java.net.AbstractPlainSocketImpl.connect(AbstractPlainSocketImpl.java:188)
	at java.net.PlainSocketImpl.connect(PlainSocketImpl.java:172)
	at java.net.SocksSocketImpl.connect(SocksSocketImpl.java:392)
	at java.net.Socket.connect(Socket.java:589)
	at java.net.Socket.connect(Socket.java:538)
	at java.net.Socket.<init>(Socket.java:434)
	at java.net.Socket.<init>(Socket.java:211)
	at org.apache.catalina.startup.Catalina.stopServer(Catalina.java:476)
	at sun.reflect.NativeMethodAccessorImpl.invoke0(Native Method)
	at sun.reflect.NativeMethodAccessorImpl.invoke(NativeMethodAccessorImpl.java:62)
	at sun.reflect.DelegatingMethodAccessorImpl.invoke(DelegatingMethodAccessorImpl.java:43)
	at java.lang.reflect.Method.invoke(Method.java:498)
	at org.apache.catalina.startup.Bootstrap.stopServer(Bootstrap.java:408)
	at org.apache.catalina.startup.Bootstrap.main(Bootstrap.java:497)

19-Sep-2016 18:59:26.427 INFO [main] org.apache.catalina.startup.VersionLoggerListener.log Server version:        Apache Tomcat/8.5.5
19-Sep-2016 18:59:26.429 INFO [main] org.apache.catalina.startup.VersionLoggerListener.log Server built:          Aug 31 2016 19:51:16 UTC
19-Sep-2016 18:59:26.429 INFO [main] org.apache.catalina.startup.VersionLoggerListener.log Server number:         8.5.5.0
19-Sep-2016 18:59:26.429 INFO [main] org.apache.catalina.startup.VersionLoggerListener.log OS Name:               Windows 10
19-Sep-2016 18:59:26.430 INFO [main] org.apache.catalina.startup.VersionLoggerListener.log OS Version:            10.0
19-Sep-2016 18:59:26.430 INFO [main] org.apache.catalina.startup.VersionLoggerListener.log Architecture:          amd64
19-Sep-2016 18:59:26.430 INFO [main] org.apache.catalina.startup.VersionLoggerListener.log Java Home:             c:\program files\java\jdk1.8.0_91\jre
19-Sep-2016 18:59:26.430 INFO [main] org.apache.catalina.startup.VersionLoggerListener.log JVM Version:           1.8.0_91-b14
19-Sep-2016 18:59:26.431 INFO [main] org.apache.catalina.startup.VersionLoggerListener.log JVM Vendor:            Oracle Corporation
19-Sep-2016 18:59:26.431 INFO [main] org.apache.catalina.startup.VersionLoggerListener.log CATALINA_BASE:         C:\progs\tomcat8
19-Sep-2016 18:59:26.431 INFO [main] org.apache.catalina.startup.VersionLoggerListener.log CATALINA_HOME:         C:\progs\tomcat8
19-Sep-2016 18:59:26.432 INFO [main] org.apache.catalina.startup.VersionLoggerListener.log Command line argument: -Djdk.tls.ephemeralDHKeySize=2048
19-Sep-2016 18:59:26.432 INFO [main] org.apache.catalina.startup.VersionLoggerListener.log Command line argument: -Djava.util.logging.config.file=c:\progs\tomcat8\conf\logging.properties
19-Sep-2016 18:59:26.432 INFO [main] org.apache.catalina.startup.VersionLoggerListener.log Command line argument: -Djava.util.logging.manager=org.apache.juli.ClassLoaderLogManager
19-Sep-2016 18:59:26.432 INFO [main] org.apache.catalina.startup.VersionLoggerListener.log Command line argument: -Dcatalina.base=c:\progs\tomcat8
19-Sep-2016 18:59:26.433 INFO [main] org.apache.catalina.startup.VersionLoggerListener.log Command line argument: -Dcatalina.home=c:\progs\tomcat8
19-Sep-2016 18:59:26.433 INFO [main] org.apache.catalina.startup.VersionLoggerListener.log Command line argument: -Djava.io.tmpdir=c:\progs\tomcat8\temp
19-Sep-2016 18:59:26.433 INFO [main] org.apache.catalina.core.AprLifecycleListener.lifecycleEvent The APR based Apache Tomcat Native library which allows optimal performance in production environments was not found on the java.library.path: c:\program files\java\jdk1.8.0_91\bin;C:\WINDOWS\Sun\Java\bin;C:\WINDOWS\system32;C:\WINDOWS;C:\ProgramData\Oracle\Java\javapath;C:\Program Files (x86)\Intel\iCLS Client\;C:\Program Files\Intel\iCLS Client\;C:\Windows\system32;C:\Windows;C:\Windows\System32\Wbem;C:\Windows\System32\WindowsPowerShell\v1.0\;C:\Program Files (x86)\Intel\Intel(R) Management Engine Components\DAL;C:\Program Files\Intel\Intel(R) Management Engine Components\DAL;C:\Program Files (x86)\Intel\Intel(R) Management Engine Components\IPT;C:\Program Files\Intel\Intel(R) Management Engine Components\IPT;C:\Program Files (x86)\NVIDIA Corporation\PhysX\Common;C:\WINDOWS\system32;C:\WINDOWS;C:\WINDOWS\System32\Wbem;C:\WINDOWS\System32\WindowsPowerShell\v1.0\;C:\Users\Joshua\AppData\Local\Microsoft\WindowsApps;.
19-Sep-2016 18:59:26.530 INFO [main] org.apache.coyote.AbstractProtocol.init Initializing ProtocolHandler ["http-nio-8080"]
19-Sep-2016 18:59:26.580 INFO [main] org.apache.tomcat.util.net.NioSelectorPool.getSharedSelector Using a shared selector for servlet write/read
19-Sep-2016 18:59:26.582 INFO [main] org.apache.coyote.AbstractProtocol.init Initializing ProtocolHandler ["ajp-nio-8009"]
19-Sep-2016 18:59:26.584 INFO [main] org.apache.tomcat.util.net.NioSelectorPool.getSharedSelector Using a shared selector for servlet write/read
19-Sep-2016 18:59:26.584 INFO [main] org.apache.catalina.startup.Catalina.load Initialization processed in 416 ms
19-Sep-2016 18:59:26.603 INFO [main] org.apache.catalina.core.StandardService.startInternal Starting service Catalina
19-Sep-2016 18:59:26.603 INFO [main] org.apache.catalina.core.StandardEngine.startInternal Starting Servlet Engine: Apache Tomcat/8.5.5
19-Sep-2016 18:59:26.610 INFO [localhost-startStop-1] org.apache.catalina.startup.HostConfig.deployDirectory Deploying web application directory C:\progs\tomcat8\webapps\docs
19-Sep-2016 18:59:27.081 INFO [localhost-startStop-1] org.apache.catalina.util.SessionIdGeneratorBase.createSecureRandom Creation of SecureRandom instance for session ID generation using [SHA1PRNG] took [284] milliseconds.
19-Sep-2016 18:59:27.097 INFO [localhost-startStop-1] org.apache.catalina.startup.HostConfig.deployDirectory Deployment of web application directory C:\progs\tomcat8\webapps\docs has finished in 487 ms
19-Sep-2016 18:59:27.097 INFO [localhost-startStop-1] org.apache.catalina.startup.HostConfig.deployDirectory Deploying web application directory C:\progs\tomcat8\webapps\examples
19-Sep-2016 18:59:27.332 INFO [localhost-startStop-1] org.apache.catalina.startup.HostConfig.deployDirectory Deployment of web application directory C:\progs\tomcat8\webapps\examples has finished in 235 ms
19-Sep-2016 18:59:27.332 INFO [localhost-startStop-1] org.apache.catalina.startup.HostConfig.deployDirectory Deploying web application directory C:\progs\tomcat8\webapps\host-manager
19-Sep-2016 18:59:27.366 INFO [localhost-startStop-1] org.apache.catalina.startup.HostConfig.deployDirectory Deployment of web application directory C:\progs\tomcat8\webapps\host-manager has finished in 34 ms
19-Sep-2016 18:59:27.366 INFO [localhost-startStop-1] org.apache.catalina.startup.HostConfig.deployDirectory Deploying web application directory C:\progs\tomcat8\webapps\manager
19-Sep-2016 18:59:27.387 INFO [localhost-startStop-1] org.apache.catalina.startup.HostConfig.deployDirectory Deployment of web application directory C:\progs\tomcat8\webapps\manager has finished in 21 ms
19-Sep-2016 18:59:27.387 INFO [localhost-startStop-1] org.apache.catalina.startup.HostConfig.deployDirectory Deploying web application directory C:\progs\tomcat8\webapps\myapp
19-Sep-2016 18:59:27.405 INFO [localhost-startStop-1] org.apache.catalina.startup.HostConfig.deployDirectory Deployment of web application directory C:\progs\tomcat8\webapps\myapp has finished in 18 ms
19-Sep-2016 18:59:27.405 INFO [localhost-startStop-1] org.apache.catalina.startup.HostConfig.deployDirectory Deploying web application directory C:\progs\tomcat8\webapps\ROOT
19-Sep-2016 18:59:27.419 INFO [localhost-startStop-1] org.apache.catalina.startup.HostConfig.deployDirectory Deployment of web application directory C:\progs\tomcat8\webapps\ROOT has finished in 14 ms
19-Sep-2016 18:59:27.420 INFO [localhost-startStop-1] org.apache.catalina.startup.HostConfig.deployDirectory Deploying web application directory C:\progs\tomcat8\webapps\webserv1
19-Sep-2016 18:59:27.953 INFO [localhost-startStop-1] org.apache.jasper.servlet.TldScanner.scanJars At least one JAR was scanned for TLDs yet contained no TLDs. Enable debug logging for this logger for a complete list of JARs that were scanned but no TLDs were found in them. Skipping unneeded JARs during scanning can improve startup time and JSP compilation time.
19-Sep-2016 18:59:28.630 INFO [localhost-startStop-1] org.apache.catalina.startup.HostConfig.deployDirectory Deployment of web application directory C:\progs\tomcat8\webapps\webserv1 has finished in 1,210 ms
19-Sep-2016 18:59:28.633 INFO [main] org.apache.coyote.AbstractProtocol.start Starting ProtocolHandler [http-nio-8080]
19-Sep-2016 18:59:28.638 INFO [main] org.apache.coyote.AbstractProtocol.start Starting ProtocolHandler [ajp-nio-8009]
19-Sep-2016 18:59:28.639 INFO [main] org.apache.catalina.startup.Catalina.start Server startup in 2054 ms
19-Sep-2016 19:43:50.203 INFO [main] org.apache.catalina.startup.VersionLoggerListener.log Server version:        Apache Tomcat/8.5.5
19-Sep-2016 19:43:50.204 INFO [main] org.apache.catalina.startup.VersionLoggerListener.log Server built:          Aug 31 2016 19:51:16 UTC
19-Sep-2016 19:43:50.204 INFO [main] org.apache.catalina.startup.VersionLoggerListener.log Server number:         8.5.5.0
19-Sep-2016 19:43:50.205 INFO [main] org.apache.catalina.startup.VersionLoggerListener.log OS Name:               Windows 10
19-Sep-2016 19:43:50.205 INFO [main] org.apache.catalina.startup.VersionLoggerListener.log OS Version:            10.0
19-Sep-2016 19:43:50.205 INFO [main] org.apache.catalina.startup.VersionLoggerListener.log Architecture:          amd64
19-Sep-2016 19:43:50.205 INFO [main] org.apache.catalina.startup.VersionLoggerListener.log Java Home:             c:\program files\java\jdk1.8.0_91\jre
19-Sep-2016 19:43:50.206 INFO [main] org.apache.catalina.startup.VersionLoggerListener.log JVM Version:           1.8.0_91-b14
19-Sep-2016 19:43:50.206 INFO [main] org.apache.catalina.startup.VersionLoggerListener.log JVM Vendor:            Oracle Corporation
19-Sep-2016 19:43:50.206 INFO [main] org.apache.catalina.startup.VersionLoggerListener.log CATALINA_BASE:         C:\progs\tomcat8
19-Sep-2016 19:43:50.207 INFO [main] org.apache.catalina.startup.VersionLoggerListener.log CATALINA_HOME:         C:\progs\tomcat8
19-Sep-2016 19:43:50.207 INFO [main] org.apache.catalina.startup.VersionLoggerListener.log Command line argument: -Djdk.tls.ephemeralDHKeySize=2048
19-Sep-2016 19:43:50.207 INFO [main] org.apache.catalina.startup.VersionLoggerListener.log Command line argument: -Djava.util.logging.config.file=c:\progs\tomcat8\conf\logging.properties
19-Sep-2016 19:43:50.208 INFO [main] org.apache.catalina.startup.VersionLoggerListener.log Command line argument: -Djava.util.logging.manager=org.apache.juli.ClassLoaderLogManager
19-Sep-2016 19:43:50.208 INFO [main] org.apache.catalina.startup.VersionLoggerListener.log Command line argument: -Dcatalina.base=c:\progs\tomcat8
19-Sep-2016 19:43:50.208 INFO [main] org.apache.catalina.startup.VersionLoggerListener.log Command line argument: -Dcatalina.home=c:\progs\tomcat8
19-Sep-2016 19:43:50.208 INFO [main] org.apache.catalina.startup.VersionLoggerListener.log Command line argument: -Djava.io.tmpdir=c:\progs\tomcat8\temp
19-Sep-2016 19:43:50.209 INFO [main] org.apache.catalina.core.AprLifecycleListener.lifecycleEvent The APR based Apache Tomcat Native library which allows optimal performance in production environments was not found on the java.library.path: c:\program files\java\jdk1.8.0_91\bin;C:\WINDOWS\Sun\Java\bin;C:\WINDOWS\system32;C:\WINDOWS;C:\ProgramData\Oracle\Java\javapath;C:\Program Files (x86)\Intel\iCLS Client\;C:\Program Files\Intel\iCLS Client\;C:\Windows\system32;C:\Windows;C:\Windows\System32\Wbem;C:\Windows\System32\WindowsPowerShell\v1.0\;C:\Program Files (x86)\Intel\Intel(R) Management Engine Components\DAL;C:\Program Files\Intel\Intel(R) Management Engine Components\DAL;C:\Program Files (x86)\Intel\Intel(R) Management Engine Components\IPT;C:\Program Files\Intel\Intel(R) Management Engine Components\IPT;C:\Program Files (x86)\NVIDIA Corporation\PhysX\Common;C:\WINDOWS\system32;C:\WINDOWS;C:\WINDOWS\System32\Wbem;C:\WINDOWS\System32\WindowsPowerShell\v1.0\;C:\Users\Joshua\AppData\Local\Microsoft\WindowsApps;.
19-Sep-2016 19:43:50.303 INFO [main] org.apache.coyote.AbstractProtocol.init Initializing ProtocolHandler ["http-nio-8080"]
19-Sep-2016 19:43:50.356 INFO [main] org.apache.tomcat.util.net.NioSelectorPool.getSharedSelector Using a shared selector for servlet write/read
19-Sep-2016 19:43:50.358 INFO [main] org.apache.coyote.AbstractProtocol.init Initializing ProtocolHandler ["ajp-nio-8009"]
19-Sep-2016 19:43:50.360 INFO [main] org.apache.tomcat.util.net.NioSelectorPool.getSharedSelector Using a shared selector for servlet write/read
19-Sep-2016 19:43:50.360 INFO [main] org.apache.catalina.startup.Catalina.load Initialization processed in 430 ms
19-Sep-2016 19:43:50.380 INFO [main] org.apache.catalina.core.StandardService.startInternal Starting service Catalina
19-Sep-2016 19:43:50.381 INFO [main] org.apache.catalina.core.StandardEngine.startInternal Starting Servlet Engine: Apache Tomcat/8.5.5
19-Sep-2016 19:43:50.388 INFO [localhost-startStop-1] org.apache.catalina.startup.HostConfig.deployDirectory Deploying web application directory C:\progs\tomcat8\webapps\docs
19-Sep-2016 19:43:50.869 INFO [localhost-startStop-1] org.apache.catalina.util.SessionIdGeneratorBase.createSecureRandom Creation of SecureRandom instance for session ID generation using [SHA1PRNG] took [290] milliseconds.
19-Sep-2016 19:43:50.886 INFO [localhost-startStop-1] org.apache.catalina.startup.HostConfig.deployDirectory Deployment of web application directory C:\progs\tomcat8\webapps\docs has finished in 497 ms
19-Sep-2016 19:43:50.886 INFO [localhost-startStop-1] org.apache.catalina.startup.HostConfig.deployDirectory Deploying web application directory C:\progs\tomcat8\webapps\examples
19-Sep-2016 19:43:51.128 INFO [localhost-startStop-1] org.apache.catalina.startup.HostConfig.deployDirectory Deployment of web application directory C:\progs\tomcat8\webapps\examples has finished in 242 ms
19-Sep-2016 19:43:51.129 INFO [localhost-startStop-1] org.apache.catalina.startup.HostConfig.deployDirectory Deploying web application directory C:\progs\tomcat8\webapps\host-manager
19-Sep-2016 19:43:51.164 INFO [localhost-startStop-1] org.apache.catalina.startup.HostConfig.deployDirectory Deployment of web application directory C:\progs\tomcat8\webapps\host-manager has finished in 35 ms
19-Sep-2016 19:43:51.164 INFO [localhost-startStop-1] org.apache.catalina.startup.HostConfig.deployDirectory Deploying web application directory C:\progs\tomcat8\webapps\manager
19-Sep-2016 19:43:51.185 INFO [localhost-startStop-1] org.apache.catalina.startup.HostConfig.deployDirectory Deployment of web application directory C:\progs\tomcat8\webapps\manager has finished in 21 ms
19-Sep-2016 19:43:51.186 INFO [localhost-startStop-1] org.apache.catalina.startup.HostConfig.deployDirectory Deploying web application directory C:\progs\tomcat8\webapps\myapp
19-Sep-2016 19:43:51.206 INFO [localhost-startStop-1] org.apache.catalina.startup.HostConfig.deployDirectory Deployment of web application directory C:\progs\tomcat8\webapps\myapp has finished in 20 ms
19-Sep-2016 19:43:51.206 INFO [localhost-startStop-1] org.apache.catalina.startup.HostConfig.deployDirectory Deploying web application directory C:\progs\tomcat8\webapps\ROOT
19-Sep-2016 19:43:51.220 INFO [localhost-startStop-1] org.apache.catalina.startup.HostConfig.deployDirectory Deployment of web application directory C:\progs\tomcat8\webapps\ROOT has finished in 14 ms
19-Sep-2016 19:43:51.221 INFO [localhost-startStop-1] org.apache.catalina.startup.HostConfig.deployDirectory Deploying web application directory C:\progs\tomcat8\webapps\webserv1
19-Sep-2016 19:43:51.753 INFO [localhost-startStop-1] org.apache.jasper.servlet.TldScanner.scanJars At least one JAR was scanned for TLDs yet contained no TLDs. Enable debug logging for this logger for a complete list of JARs that were scanned but no TLDs were found in them. Skipping unneeded JARs during scanning can improve startup time and JSP compilation time.
19-Sep-2016 19:43:52.467 INFO [localhost-startStop-1] org.apache.catalina.startup.HostConfig.deployDirectory Deployment of web application directory C:\progs\tomcat8\webapps\webserv1 has finished in 1,245 ms
19-Sep-2016 19:43:52.469 INFO [main] org.apache.coyote.AbstractProtocol.start Starting ProtocolHandler [http-nio-8080]
19-Sep-2016 19:43:52.476 INFO [main] org.apache.coyote.AbstractProtocol.start Starting ProtocolHandler [ajp-nio-8009]
19-Sep-2016 19:43:52.477 INFO [main] org.apache.catalina.startup.Catalina.start Server startup in 2116 ms
