14-Sep-2016 18:22:39.653 INFO [localhost-startStop-1] org.apache.catalina.core.ApplicationContext.log ContextListener: contextInitialized()
14-Sep-2016 18:22:39.653 INFO [localhost-startStop-1] org.apache.catalina.core.ApplicationContext.log SessionListener: contextInitialized()
14-Sep-2016 18:38:24.968 INFO [localhost-startStop-2] org.apache.catalina.core.ApplicationContext.log SessionListener: contextDestroyed()
14-Sep-2016 18:38:24.968 INFO [localhost-startStop-2] org.apache.catalina.core.ApplicationContext.log ContextListener: contextDestroyed()
14-Sep-2016 18:38:43.304 INFO [localhost-startStop-1] org.apache.catalina.core.ApplicationContext.log ContextListener: contextInitialized()
14-Sep-2016 18:38:43.304 INFO [localhost-startStop-1] org.apache.catalina.core.ApplicationContext.log SessionListener: contextInitialized()
14-Sep-2016 18:38:44.228 SEVERE [localhost-startStop-1] org.apache.catalina.core.ApplicationContext.log StandardWrapper.Throwable
 java.lang.RuntimeException: A class file of the class name, IngredientServices, is identified but the class could not be found.
	at org.glassfish.jersey.server.internal.scanning.AnnotationAcceptingListener$AnnotatedClassVisitor.getClassForName(AnnotationAcceptingListener.java:269)
	at org.glassfish.jersey.server.internal.scanning.AnnotationAcceptingListener$AnnotatedClassVisitor.visitEnd(AnnotationAcceptingListener.java:224)
	at jersey.repackaged.org.objectweb.asm.ClassReader.accept(ClassReader.java:697)
	at jersey.repackaged.org.objectweb.asm.ClassReader.accept(ClassReader.java:506)
	at org.glassfish.jersey.server.internal.scanning.AnnotationAcceptingListener.process(AnnotationAcceptingListener.java:170)
	at org.glassfish.jersey.server.ResourceConfig.scanClasses(ResourceConfig.java:915)
	at org.glassfish.jersey.server.ResourceConfig._getClasses(ResourceConfig.java:869)
	at org.glassfish.jersey.server.ResourceConfig.getClasses(ResourceConfig.java:775)
	at org.glassfish.jersey.server.ResourceConfig$RuntimeConfig.<init>(ResourceConfig.java:1206)
	at org.glassfish.jersey.server.ResourceConfig$RuntimeConfig.<init>(ResourceConfig.java:1178)
	at org.glassfish.jersey.server.ResourceConfig.createRuntimeConfig(ResourceConfig.java:1174)
	at org.glassfish.jersey.server.ApplicationHandler.<init>(ApplicationHandler.java:345)
	at org.glassfish.jersey.servlet.WebComponent.<init>(WebComponent.java:392)
	at org.glassfish.jersey.servlet.ServletContainer.init(ServletContainer.java:177)
	at org.glassfish.jersey.servlet.ServletContainer.init(ServletContainer.java:369)
	at javax.servlet.GenericServlet.init(GenericServlet.java:158)
	at org.apache.catalina.core.StandardWrapper.initServlet(StandardWrapper.java:1183)
	at org.apache.catalina.core.StandardWrapper.loadServlet(StandardWrapper.java:1099)
	at org.apache.catalina.core.StandardWrapper.load(StandardWrapper.java:989)
	at org.apache.catalina.core.StandardContext.loadOnStartup(StandardContext.java:4913)
	at org.apache.catalina.core.StandardContext.startInternal(StandardContext.java:5223)
	at org.apache.catalina.util.LifecycleBase.start(LifecycleBase.java:150)
	at org.apache.catalina.core.ContainerBase.addChildInternal(ContainerBase.java:724)
	at org.apache.catalina.core.ContainerBase.addChild(ContainerBase.java:700)
	at org.apache.catalina.core.StandardHost.addChild(StandardHost.java:734)
	at org.apache.catalina.startup.HostConfig.deployDirectory(HostConfig.java:1107)
	at org.apache.catalina.startup.HostConfig$DeployDirectory.run(HostConfig.java:1841)
	at java.util.concurrent.Executors$RunnableAdapter.call(Executors.java:511)
	at java.util.concurrent.FutureTask.run(FutureTask.java:266)
	at java.util.concurrent.ThreadPoolExecutor.runWorker(ThreadPoolExecutor.java:1142)
	at java.util.concurrent.ThreadPoolExecutor$Worker.run(ThreadPoolExecutor.java:617)
	at java.lang.Thread.run(Thread.java:745)
Caused by: java.lang.ClassNotFoundException: IngredientServices
	at org.apache.catalina.loader.WebappClassLoaderBase.loadClass(WebappClassLoaderBase.java:1285)
	at org.apache.catalina.loader.WebappClassLoaderBase.loadClass(WebappClassLoaderBase.java:1119)
	at java.lang.Class.forName0(Native Method)
	at java.lang.Class.forName(Class.java:264)
	at org.glassfish.jersey.internal.util.ReflectionHelper$7.run(ReflectionHelper.java:408)
	at org.glassfish.jersey.internal.util.ReflectionHelper$7.run(ReflectionHelper.java:398)
	at java.security.AccessController.doPrivileged(Native Method)
	at org.glassfish.jersey.server.internal.scanning.AnnotationAcceptingListener$AnnotatedClassVisitor.getClassForName(AnnotationAcceptingListener.java:262)
	... 31 more

14-Sep-2016 18:38:44.228 SEVERE [localhost-startStop-1] org.apache.catalina.core.StandardContext.loadOnStartup Servlet [RestfulContainer] in web application [/webserv1] threw load() exception
 java.lang.ClassNotFoundException: IngredientServices
	at org.apache.catalina.loader.WebappClassLoaderBase.loadClass(WebappClassLoaderBase.java:1285)
	at org.apache.catalina.loader.WebappClassLoaderBase.loadClass(WebappClassLoaderBase.java:1119)
	at java.lang.Class.forName0(Native Method)
	at java.lang.Class.forName(Class.java:264)
	at org.glassfish.jersey.internal.util.ReflectionHelper$7.run(ReflectionHelper.java:408)
	at org.glassfish.jersey.internal.util.ReflectionHelper$7.run(ReflectionHelper.java:398)
	at java.security.AccessController.doPrivileged(Native Method)
	at org.glassfish.jersey.server.internal.scanning.AnnotationAcceptingListener$AnnotatedClassVisitor.getClassForName(AnnotationAcceptingListener.java:262)
	at org.glassfish.jersey.server.internal.scanning.AnnotationAcceptingListener$AnnotatedClassVisitor.visitEnd(AnnotationAcceptingListener.java:224)
	at jersey.repackaged.org.objectweb.asm.ClassReader.accept(ClassReader.java:697)
	at jersey.repackaged.org.objectweb.asm.ClassReader.accept(ClassReader.java:506)
	at org.glassfish.jersey.server.internal.scanning.AnnotationAcceptingListener.process(AnnotationAcceptingListener.java:170)
	at org.glassfish.jersey.server.ResourceConfig.scanClasses(ResourceConfig.java:915)
	at org.glassfish.jersey.server.ResourceConfig._getClasses(ResourceConfig.java:869)
	at org.glassfish.jersey.server.ResourceConfig.getClasses(ResourceConfig.java:775)
	at org.glassfish.jersey.server.ResourceConfig$RuntimeConfig.<init>(ResourceConfig.java:1206)
	at org.glassfish.jersey.server.ResourceConfig$RuntimeConfig.<init>(ResourceConfig.java:1178)
	at org.glassfish.jersey.server.ResourceConfig.createRuntimeConfig(ResourceConfig.java:1174)
	at org.glassfish.jersey.server.ApplicationHandler.<init>(ApplicationHandler.java:345)
	at org.glassfish.jersey.servlet.WebComponent.<init>(WebComponent.java:392)
	at org.glassfish.jersey.servlet.ServletContainer.init(ServletContainer.java:177)
	at org.glassfish.jersey.servlet.ServletContainer.init(ServletContainer.java:369)
	at javax.servlet.GenericServlet.init(GenericServlet.java:158)
	at org.apache.catalina.core.StandardWrapper.initServlet(StandardWrapper.java:1183)
	at org.apache.catalina.core.StandardWrapper.loadServlet(StandardWrapper.java:1099)
	at org.apache.catalina.core.StandardWrapper.load(StandardWrapper.java:989)
	at org.apache.catalina.core.StandardContext.loadOnStartup(StandardContext.java:4913)
	at org.apache.catalina.core.StandardContext.startInternal(StandardContext.java:5223)
	at org.apache.catalina.util.LifecycleBase.start(LifecycleBase.java:150)
	at org.apache.catalina.core.ContainerBase.addChildInternal(ContainerBase.java:724)
	at org.apache.catalina.core.ContainerBase.addChild(ContainerBase.java:700)
	at org.apache.catalina.core.StandardHost.addChild(StandardHost.java:734)
	at org.apache.catalina.startup.HostConfig.deployDirectory(HostConfig.java:1107)
	at org.apache.catalina.startup.HostConfig$DeployDirectory.run(HostConfig.java:1841)
	at java.util.concurrent.Executors$RunnableAdapter.call(Executors.java:511)
	at java.util.concurrent.FutureTask.run(FutureTask.java:266)
	at java.util.concurrent.ThreadPoolExecutor.runWorker(ThreadPoolExecutor.java:1142)
	at java.util.concurrent.ThreadPoolExecutor$Worker.run(ThreadPoolExecutor.java:617)
	at java.lang.Thread.run(Thread.java:745)

14-Sep-2016 18:39:00.968 SEVERE [http-nio-8080-exec-1] org.apache.catalina.core.ApplicationContext.log StandardWrapper.Throwable
 java.lang.RuntimeException: A class file of the class name, IngredientServices, is identified but the class could not be found.
	at org.glassfish.jersey.server.internal.scanning.AnnotationAcceptingListener$AnnotatedClassVisitor.getClassForName(AnnotationAcceptingListener.java:269)
	at org.glassfish.jersey.server.internal.scanning.AnnotationAcceptingListener$AnnotatedClassVisitor.visitEnd(AnnotationAcceptingListener.java:224)
	at jersey.repackaged.org.objectweb.asm.ClassReader.accept(ClassReader.java:697)
	at jersey.repackaged.org.objectweb.asm.ClassReader.accept(ClassReader.java:506)
	at org.glassfish.jersey.server.internal.scanning.AnnotationAcceptingListener.process(AnnotationAcceptingListener.java:170)
	at org.glassfish.jersey.server.ResourceConfig.scanClasses(ResourceConfig.java:915)
	at org.glassfish.jersey.server.ResourceConfig._getClasses(ResourceConfig.java:869)
	at org.glassfish.jersey.server.ResourceConfig.getClasses(ResourceConfig.java:775)
	at org.glassfish.jersey.server.ResourceConfig$RuntimeConfig.<init>(ResourceConfig.java:1206)
	at org.glassfish.jersey.server.ResourceConfig$RuntimeConfig.<init>(ResourceConfig.java:1178)
	at org.glassfish.jersey.server.ResourceConfig.createRuntimeConfig(ResourceConfig.java:1174)
	at org.glassfish.jersey.server.ApplicationHandler.<init>(ApplicationHandler.java:345)
	at org.glassfish.jersey.servlet.WebComponent.<init>(WebComponent.java:392)
	at org.glassfish.jersey.servlet.ServletContainer.init(ServletContainer.java:177)
	at org.glassfish.jersey.servlet.ServletContainer.init(ServletContainer.java:369)
	at javax.servlet.GenericServlet.init(GenericServlet.java:158)
	at org.apache.catalina.core.StandardWrapper.initServlet(StandardWrapper.java:1183)
	at org.apache.catalina.core.StandardWrapper.loadServlet(StandardWrapper.java:1099)
	at org.apache.catalina.core.StandardWrapper.allocate(StandardWrapper.java:779)
	at org.apache.catalina.core.StandardWrapperValve.invoke(StandardWrapperValve.java:133)
	at org.apache.catalina.core.StandardContextValve.invoke(StandardContextValve.java:108)
	at org.apache.catalina.authenticator.AuthenticatorBase.invoke(AuthenticatorBase.java:472)
	at org.apache.catalina.core.StandardHostValve.invoke(StandardHostValve.java:140)
	at org.apache.catalina.valves.ErrorReportValve.invoke(ErrorReportValve.java:79)
	at org.apache.catalina.valves.AbstractAccessLogValve.invoke(AbstractAccessLogValve.java:620)
	at org.apache.catalina.core.StandardEngineValve.invoke(StandardEngineValve.java:87)
	at org.apache.catalina.connector.CoyoteAdapter.service(CoyoteAdapter.java:349)
	at org.apache.coyote.http11.Http11Processor.service(Http11Processor.java:784)
	at org.apache.coyote.AbstractProcessorLight.process(AbstractProcessorLight.java:66)
	at org.apache.coyote.AbstractProtocol$ConnectionHandler.process(AbstractProtocol.java:802)
	at org.apache.tomcat.util.net.NioEndpoint$SocketProcessor.doRun(NioEndpoint.java:1410)
	at org.apache.tomcat.util.net.SocketProcessorBase.run(SocketProcessorBase.java:49)
	at java.util.concurrent.ThreadPoolExecutor.runWorker(ThreadPoolExecutor.java:1142)
	at java.util.concurrent.ThreadPoolExecutor$Worker.run(ThreadPoolExecutor.java:617)
	at org.apache.tomcat.util.threads.TaskThread$WrappingRunnable.run(TaskThread.java:61)
	at java.lang.Thread.run(Thread.java:745)
Caused by: java.lang.ClassNotFoundException: IngredientServices
	at org.apache.catalina.loader.WebappClassLoaderBase.loadClass(WebappClassLoaderBase.java:1285)
	at org.apache.catalina.loader.WebappClassLoaderBase.loadClass(WebappClassLoaderBase.java:1119)
	at java.lang.Class.forName0(Native Method)
	at java.lang.Class.forName(Class.java:264)
	at org.glassfish.jersey.internal.util.ReflectionHelper$7.run(ReflectionHelper.java:408)
	at org.glassfish.jersey.internal.util.ReflectionHelper$7.run(ReflectionHelper.java:398)
	at java.security.AccessController.doPrivileged(Native Method)
	at org.glassfish.jersey.server.internal.scanning.AnnotationAcceptingListener$AnnotatedClassVisitor.getClassForName(AnnotationAcceptingListener.java:262)
	... 35 more

14-Sep-2016 18:39:00.968 SEVERE [http-nio-8080-exec-1] org.apache.catalina.core.StandardWrapperValve.invoke Allocate exception for servlet RestfulContainer
 java.lang.ClassNotFoundException: IngredientServices
	at org.apache.catalina.loader.WebappClassLoaderBase.loadClass(WebappClassLoaderBase.java:1285)
	at org.apache.catalina.loader.WebappClassLoaderBase.loadClass(WebappClassLoaderBase.java:1119)
	at java.lang.Class.forName0(Native Method)
	at java.lang.Class.forName(Class.java:264)
	at org.glassfish.jersey.internal.util.ReflectionHelper$7.run(ReflectionHelper.java:408)
	at org.glassfish.jersey.internal.util.ReflectionHelper$7.run(ReflectionHelper.java:398)
	at java.security.AccessController.doPrivileged(Native Method)
	at org.glassfish.jersey.server.internal.scanning.AnnotationAcceptingListener$AnnotatedClassVisitor.getClassForName(AnnotationAcceptingListener.java:262)
	at org.glassfish.jersey.server.internal.scanning.AnnotationAcceptingListener$AnnotatedClassVisitor.visitEnd(AnnotationAcceptingListener.java:224)
	at jersey.repackaged.org.objectweb.asm.ClassReader.accept(ClassReader.java:697)
	at jersey.repackaged.org.objectweb.asm.ClassReader.accept(ClassReader.java:506)
	at org.glassfish.jersey.server.internal.scanning.AnnotationAcceptingListener.process(AnnotationAcceptingListener.java:170)
	at org.glassfish.jersey.server.ResourceConfig.scanClasses(ResourceConfig.java:915)
	at org.glassfish.jersey.server.ResourceConfig._getClasses(ResourceConfig.java:869)
	at org.glassfish.jersey.server.ResourceConfig.getClasses(ResourceConfig.java:775)
	at org.glassfish.jersey.server.ResourceConfig$RuntimeConfig.<init>(ResourceConfig.java:1206)
	at org.glassfish.jersey.server.ResourceConfig$RuntimeConfig.<init>(ResourceConfig.java:1178)
	at org.glassfish.jersey.server.ResourceConfig.createRuntimeConfig(ResourceConfig.java:1174)
	at org.glassfish.jersey.server.ApplicationHandler.<init>(ApplicationHandler.java:345)
	at org.glassfish.jersey.servlet.WebComponent.<init>(WebComponent.java:392)
	at org.glassfish.jersey.servlet.ServletContainer.init(ServletContainer.java:177)
	at org.glassfish.jersey.servlet.ServletContainer.init(ServletContainer.java:369)
	at javax.servlet.GenericServlet.init(GenericServlet.java:158)
	at org.apache.catalina.core.StandardWrapper.initServlet(StandardWrapper.java:1183)
	at org.apache.catalina.core.StandardWrapper.loadServlet(StandardWrapper.java:1099)
	at org.apache.catalina.core.StandardWrapper.allocate(StandardWrapper.java:779)
	at org.apache.catalina.core.StandardWrapperValve.invoke(StandardWrapperValve.java:133)
	at org.apache.catalina.core.StandardContextValve.invoke(StandardContextValve.java:108)
	at org.apache.catalina.authenticator.AuthenticatorBase.invoke(AuthenticatorBase.java:472)
	at org.apache.catalina.core.StandardHostValve.invoke(StandardHostValve.java:140)
	at org.apache.catalina.valves.ErrorReportValve.invoke(ErrorReportValve.java:79)
	at org.apache.catalina.valves.AbstractAccessLogValve.invoke(AbstractAccessLogValve.java:620)
	at org.apache.catalina.core.StandardEngineValve.invoke(StandardEngineValve.java:87)
	at org.apache.catalina.connector.CoyoteAdapter.service(CoyoteAdapter.java:349)
	at org.apache.coyote.http11.Http11Processor.service(Http11Processor.java:784)
	at org.apache.coyote.AbstractProcessorLight.process(AbstractProcessorLight.java:66)
	at org.apache.coyote.AbstractProtocol$ConnectionHandler.process(AbstractProtocol.java:802)
	at org.apache.tomcat.util.net.NioEndpoint$SocketProcessor.doRun(NioEndpoint.java:1410)
	at org.apache.tomcat.util.net.SocketProcessorBase.run(SocketProcessorBase.java:49)
	at java.util.concurrent.ThreadPoolExecutor.runWorker(ThreadPoolExecutor.java:1142)
	at java.util.concurrent.ThreadPoolExecutor$Worker.run(ThreadPoolExecutor.java:617)
	at org.apache.tomcat.util.threads.TaskThread$WrappingRunnable.run(TaskThread.java:61)
	at java.lang.Thread.run(Thread.java:745)

14-Sep-2016 18:42:37.703 SEVERE [http-nio-8080-exec-9] org.apache.catalina.core.ApplicationContext.log StandardWrapper.Throwable
 java.lang.RuntimeException: A class file of the class name, IngredientServices, is identified but the class could not be found.
	at org.glassfish.jersey.server.internal.scanning.AnnotationAcceptingListener$AnnotatedClassVisitor.getClassForName(AnnotationAcceptingListener.java:269)
	at org.glassfish.jersey.server.internal.scanning.AnnotationAcceptingListener$AnnotatedClassVisitor.visitEnd(AnnotationAcceptingListener.java:224)
	at jersey.repackaged.org.objectweb.asm.ClassReader.accept(ClassReader.java:697)
	at jersey.repackaged.org.objectweb.asm.ClassReader.accept(ClassReader.java:506)
	at org.glassfish.jersey.server.internal.scanning.AnnotationAcceptingListener.process(AnnotationAcceptingListener.java:170)
	at org.glassfish.jersey.server.ResourceConfig.scanClasses(ResourceConfig.java:915)
	at org.glassfish.jersey.server.ResourceConfig._getClasses(ResourceConfig.java:869)
	at org.glassfish.jersey.server.ResourceConfig.getClasses(ResourceConfig.java:775)
	at org.glassfish.jersey.server.ResourceConfig$RuntimeConfig.<init>(ResourceConfig.java:1206)
	at org.glassfish.jersey.server.ResourceConfig$RuntimeConfig.<init>(ResourceConfig.java:1178)
	at org.glassfish.jersey.server.ResourceConfig.createRuntimeConfig(ResourceConfig.java:1174)
	at org.glassfish.jersey.server.ApplicationHandler.<init>(ApplicationHandler.java:345)
	at org.glassfish.jersey.servlet.WebComponent.<init>(WebComponent.java:392)
	at org.glassfish.jersey.servlet.ServletContainer.init(ServletContainer.java:177)
	at org.glassfish.jersey.servlet.ServletContainer.init(ServletContainer.java:369)
	at javax.servlet.GenericServlet.init(GenericServlet.java:158)
	at org.apache.catalina.core.StandardWrapper.initServlet(StandardWrapper.java:1183)
	at org.apache.catalina.core.StandardWrapper.loadServlet(StandardWrapper.java:1099)
	at org.apache.catalina.core.StandardWrapper.allocate(StandardWrapper.java:779)
	at org.apache.catalina.core.StandardWrapperValve.invoke(StandardWrapperValve.java:133)
	at org.apache.catalina.core.StandardContextValve.invoke(StandardContextValve.java:108)
	at org.apache.catalina.authenticator.AuthenticatorBase.invoke(AuthenticatorBase.java:472)
	at org.apache.catalina.core.StandardHostValve.invoke(StandardHostValve.java:140)
	at org.apache.catalina.valves.ErrorReportValve.invoke(ErrorReportValve.java:79)
	at org.apache.catalina.valves.AbstractAccessLogValve.invoke(AbstractAccessLogValve.java:620)
	at org.apache.catalina.core.StandardEngineValve.invoke(StandardEngineValve.java:87)
	at org.apache.catalina.connector.CoyoteAdapter.service(CoyoteAdapter.java:349)
	at org.apache.coyote.http11.Http11Processor.service(Http11Processor.java:784)
	at org.apache.coyote.AbstractProcessorLight.process(AbstractProcessorLight.java:66)
	at org.apache.coyote.AbstractProtocol$ConnectionHandler.process(AbstractProtocol.java:802)
	at org.apache.tomcat.util.net.NioEndpoint$SocketProcessor.doRun(NioEndpoint.java:1410)
	at org.apache.tomcat.util.net.SocketProcessorBase.run(SocketProcessorBase.java:49)
	at java.util.concurrent.ThreadPoolExecutor.runWorker(ThreadPoolExecutor.java:1142)
	at java.util.concurrent.ThreadPoolExecutor$Worker.run(ThreadPoolExecutor.java:617)
	at org.apache.tomcat.util.threads.TaskThread$WrappingRunnable.run(TaskThread.java:61)
	at java.lang.Thread.run(Thread.java:745)
Caused by: java.lang.ClassNotFoundException: IngredientServices
	at org.apache.catalina.loader.WebappClassLoaderBase.loadClass(WebappClassLoaderBase.java:1285)
	at org.apache.catalina.loader.WebappClassLoaderBase.loadClass(WebappClassLoaderBase.java:1119)
	at java.lang.Class.forName0(Native Method)
	at java.lang.Class.forName(Class.java:264)
	at org.glassfish.jersey.internal.util.ReflectionHelper$7.run(ReflectionHelper.java:408)
	at org.glassfish.jersey.internal.util.ReflectionHelper$7.run(ReflectionHelper.java:398)
	at java.security.AccessController.doPrivileged(Native Method)
	at org.glassfish.jersey.server.internal.scanning.AnnotationAcceptingListener$AnnotatedClassVisitor.getClassForName(AnnotationAcceptingListener.java:262)
	... 35 more

14-Sep-2016 18:42:37.703 SEVERE [http-nio-8080-exec-9] org.apache.catalina.core.StandardWrapperValve.invoke Allocate exception for servlet RestfulContainer
 java.lang.ClassNotFoundException: IngredientServices
	at org.apache.catalina.loader.WebappClassLoaderBase.loadClass(WebappClassLoaderBase.java:1285)
	at org.apache.catalina.loader.WebappClassLoaderBase.loadClass(WebappClassLoaderBase.java:1119)
	at java.lang.Class.forName0(Native Method)
	at java.lang.Class.forName(Class.java:264)
	at org.glassfish.jersey.internal.util.ReflectionHelper$7.run(ReflectionHelper.java:408)
	at org.glassfish.jersey.internal.util.ReflectionHelper$7.run(ReflectionHelper.java:398)
	at java.security.AccessController.doPrivileged(Native Method)
	at org.glassfish.jersey.server.internal.scanning.AnnotationAcceptingListener$AnnotatedClassVisitor.getClassForName(AnnotationAcceptingListener.java:262)
	at org.glassfish.jersey.server.internal.scanning.AnnotationAcceptingListener$AnnotatedClassVisitor.visitEnd(AnnotationAcceptingListener.java:224)
	at jersey.repackaged.org.objectweb.asm.ClassReader.accept(ClassReader.java:697)
	at jersey.repackaged.org.objectweb.asm.ClassReader.accept(ClassReader.java:506)
	at org.glassfish.jersey.server.internal.scanning.AnnotationAcceptingListener.process(AnnotationAcceptingListener.java:170)
	at org.glassfish.jersey.server.ResourceConfig.scanClasses(ResourceConfig.java:915)
	at org.glassfish.jersey.server.ResourceConfig._getClasses(ResourceConfig.java:869)
	at org.glassfish.jersey.server.ResourceConfig.getClasses(ResourceConfig.java:775)
	at org.glassfish.jersey.server.ResourceConfig$RuntimeConfig.<init>(ResourceConfig.java:1206)
	at org.glassfish.jersey.server.ResourceConfig$RuntimeConfig.<init>(ResourceConfig.java:1178)
	at org.glassfish.jersey.server.ResourceConfig.createRuntimeConfig(ResourceConfig.java:1174)
	at org.glassfish.jersey.server.ApplicationHandler.<init>(ApplicationHandler.java:345)
	at org.glassfish.jersey.servlet.WebComponent.<init>(WebComponent.java:392)
	at org.glassfish.jersey.servlet.ServletContainer.init(ServletContainer.java:177)
	at org.glassfish.jersey.servlet.ServletContainer.init(ServletContainer.java:369)
	at javax.servlet.GenericServlet.init(GenericServlet.java:158)
	at org.apache.catalina.core.StandardWrapper.initServlet(StandardWrapper.java:1183)
	at org.apache.catalina.core.StandardWrapper.loadServlet(StandardWrapper.java:1099)
	at org.apache.catalina.core.StandardWrapper.allocate(StandardWrapper.java:779)
	at org.apache.catalina.core.StandardWrapperValve.invoke(StandardWrapperValve.java:133)
	at org.apache.catalina.core.StandardContextValve.invoke(StandardContextValve.java:108)
	at org.apache.catalina.authenticator.AuthenticatorBase.invoke(AuthenticatorBase.java:472)
	at org.apache.catalina.core.StandardHostValve.invoke(StandardHostValve.java:140)
	at org.apache.catalina.valves.ErrorReportValve.invoke(ErrorReportValve.java:79)
	at org.apache.catalina.valves.AbstractAccessLogValve.invoke(AbstractAccessLogValve.java:620)
	at org.apache.catalina.core.StandardEngineValve.invoke(StandardEngineValve.java:87)
	at org.apache.catalina.connector.CoyoteAdapter.service(CoyoteAdapter.java:349)
	at org.apache.coyote.http11.Http11Processor.service(Http11Processor.java:784)
	at org.apache.coyote.AbstractProcessorLight.process(AbstractProcessorLight.java:66)
	at org.apache.coyote.AbstractProtocol$ConnectionHandler.process(AbstractProtocol.java:802)
	at org.apache.tomcat.util.net.NioEndpoint$SocketProcessor.doRun(NioEndpoint.java:1410)
	at org.apache.tomcat.util.net.SocketProcessorBase.run(SocketProcessorBase.java:49)
	at java.util.concurrent.ThreadPoolExecutor.runWorker(ThreadPoolExecutor.java:1142)
	at java.util.concurrent.ThreadPoolExecutor$Worker.run(ThreadPoolExecutor.java:617)
	at org.apache.tomcat.util.threads.TaskThread$WrappingRunnable.run(TaskThread.java:61)
	at java.lang.Thread.run(Thread.java:745)

14-Sep-2016 18:43:46.687 SEVERE [http-nio-8080-exec-2] org.apache.catalina.core.ApplicationContext.log StandardWrapper.Throwable
 java.lang.RuntimeException: A class file of the class name, IngredientServices, is identified but the class could not be found.
	at org.glassfish.jersey.server.internal.scanning.AnnotationAcceptingListener$AnnotatedClassVisitor.getClassForName(AnnotationAcceptingListener.java:269)
	at org.glassfish.jersey.server.internal.scanning.AnnotationAcceptingListener$AnnotatedClassVisitor.visitEnd(AnnotationAcceptingListener.java:224)
	at jersey.repackaged.org.objectweb.asm.ClassReader.accept(ClassReader.java:697)
	at jersey.repackaged.org.objectweb.asm.ClassReader.accept(ClassReader.java:506)
	at org.glassfish.jersey.server.internal.scanning.AnnotationAcceptingListener.process(AnnotationAcceptingListener.java:170)
	at org.glassfish.jersey.server.ResourceConfig.scanClasses(ResourceConfig.java:915)
	at org.glassfish.jersey.server.ResourceConfig._getClasses(ResourceConfig.java:869)
	at org.glassfish.jersey.server.ResourceConfig.getClasses(ResourceConfig.java:775)
	at org.glassfish.jersey.server.ResourceConfig$RuntimeConfig.<init>(ResourceConfig.java:1206)
	at org.glassfish.jersey.server.ResourceConfig$RuntimeConfig.<init>(ResourceConfig.java:1178)
	at org.glassfish.jersey.server.ResourceConfig.createRuntimeConfig(ResourceConfig.java:1174)
	at org.glassfish.jersey.server.ApplicationHandler.<init>(ApplicationHandler.java:345)
	at org.glassfish.jersey.servlet.WebComponent.<init>(WebComponent.java:392)
	at org.glassfish.jersey.servlet.ServletContainer.init(ServletContainer.java:177)
	at org.glassfish.jersey.servlet.ServletContainer.init(ServletContainer.java:369)
	at javax.servlet.GenericServlet.init(GenericServlet.java:158)
	at org.apache.catalina.core.StandardWrapper.initServlet(StandardWrapper.java:1183)
	at org.apache.catalina.core.StandardWrapper.loadServlet(StandardWrapper.java:1099)
	at org.apache.catalina.core.StandardWrapper.allocate(StandardWrapper.java:779)
	at org.apache.catalina.core.StandardWrapperValve.invoke(StandardWrapperValve.java:133)
	at org.apache.catalina.core.StandardContextValve.invoke(StandardContextValve.java:108)
	at org.apache.catalina.authenticator.AuthenticatorBase.invoke(AuthenticatorBase.java:472)
	at org.apache.catalina.core.StandardHostValve.invoke(StandardHostValve.java:140)
	at org.apache.catalina.valves.ErrorReportValve.invoke(ErrorReportValve.java:79)
	at org.apache.catalina.valves.AbstractAccessLogValve.invoke(AbstractAccessLogValve.java:620)
	at org.apache.catalina.core.StandardEngineValve.invoke(StandardEngineValve.java:87)
	at org.apache.catalina.connector.CoyoteAdapter.service(CoyoteAdapter.java:349)
	at org.apache.coyote.http11.Http11Processor.service(Http11Processor.java:784)
	at org.apache.coyote.AbstractProcessorLight.process(AbstractProcessorLight.java:66)
	at org.apache.coyote.AbstractProtocol$ConnectionHandler.process(AbstractProtocol.java:802)
	at org.apache.tomcat.util.net.NioEndpoint$SocketProcessor.doRun(NioEndpoint.java:1410)
	at org.apache.tomcat.util.net.SocketProcessorBase.run(SocketProcessorBase.java:49)
	at java.util.concurrent.ThreadPoolExecutor.runWorker(ThreadPoolExecutor.java:1142)
	at java.util.concurrent.ThreadPoolExecutor$Worker.run(ThreadPoolExecutor.java:617)
	at org.apache.tomcat.util.threads.TaskThread$WrappingRunnable.run(TaskThread.java:61)
	at java.lang.Thread.run(Thread.java:745)
Caused by: java.lang.ClassNotFoundException: IngredientServices
	at org.apache.catalina.loader.WebappClassLoaderBase.loadClass(WebappClassLoaderBase.java:1285)
	at org.apache.catalina.loader.WebappClassLoaderBase.loadClass(WebappClassLoaderBase.java:1119)
	at java.lang.Class.forName0(Native Method)
	at java.lang.Class.forName(Class.java:264)
	at org.glassfish.jersey.internal.util.ReflectionHelper$7.run(ReflectionHelper.java:408)
	at org.glassfish.jersey.internal.util.ReflectionHelper$7.run(ReflectionHelper.java:398)
	at java.security.AccessController.doPrivileged(Native Method)
	at org.glassfish.jersey.server.internal.scanning.AnnotationAcceptingListener$AnnotatedClassVisitor.getClassForName(AnnotationAcceptingListener.java:262)
	... 35 more

14-Sep-2016 18:43:46.687 SEVERE [http-nio-8080-exec-2] org.apache.catalina.core.StandardWrapperValve.invoke Allocate exception for servlet RestfulContainer
 java.lang.ClassNotFoundException: IngredientServices
	at org.apache.catalina.loader.WebappClassLoaderBase.loadClass(WebappClassLoaderBase.java:1285)
	at org.apache.catalina.loader.WebappClassLoaderBase.loadClass(WebappClassLoaderBase.java:1119)
	at java.lang.Class.forName0(Native Method)
	at java.lang.Class.forName(Class.java:264)
	at org.glassfish.jersey.internal.util.ReflectionHelper$7.run(ReflectionHelper.java:408)
	at org.glassfish.jersey.internal.util.ReflectionHelper$7.run(ReflectionHelper.java:398)
	at java.security.AccessController.doPrivileged(Native Method)
	at org.glassfish.jersey.server.internal.scanning.AnnotationAcceptingListener$AnnotatedClassVisitor.getClassForName(AnnotationAcceptingListener.java:262)
	at org.glassfish.jersey.server.internal.scanning.AnnotationAcceptingListener$AnnotatedClassVisitor.visitEnd(AnnotationAcceptingListener.java:224)
	at jersey.repackaged.org.objectweb.asm.ClassReader.accept(ClassReader.java:697)
	at jersey.repackaged.org.objectweb.asm.ClassReader.accept(ClassReader.java:506)
	at org.glassfish.jersey.server.internal.scanning.AnnotationAcceptingListener.process(AnnotationAcceptingListener.java:170)
	at org.glassfish.jersey.server.ResourceConfig.scanClasses(ResourceConfig.java:915)
	at org.glassfish.jersey.server.ResourceConfig._getClasses(ResourceConfig.java:869)
	at org.glassfish.jersey.server.ResourceConfig.getClasses(ResourceConfig.java:775)
	at org.glassfish.jersey.server.ResourceConfig$RuntimeConfig.<init>(ResourceConfig.java:1206)
	at org.glassfish.jersey.server.ResourceConfig$RuntimeConfig.<init>(ResourceConfig.java:1178)
	at org.glassfish.jersey.server.ResourceConfig.createRuntimeConfig(ResourceConfig.java:1174)
	at org.glassfish.jersey.server.ApplicationHandler.<init>(ApplicationHandler.java:345)
	at org.glassfish.jersey.servlet.WebComponent.<init>(WebComponent.java:392)
	at org.glassfish.jersey.servlet.ServletContainer.init(ServletContainer.java:177)
	at org.glassfish.jersey.servlet.ServletContainer.init(ServletContainer.java:369)
	at javax.servlet.GenericServlet.init(GenericServlet.java:158)
	at org.apache.catalina.core.StandardWrapper.initServlet(StandardWrapper.java:1183)
	at org.apache.catalina.core.StandardWrapper.loadServlet(StandardWrapper.java:1099)
	at org.apache.catalina.core.StandardWrapper.allocate(StandardWrapper.java:779)
	at org.apache.catalina.core.StandardWrapperValve.invoke(StandardWrapperValve.java:133)
	at org.apache.catalina.core.StandardContextValve.invoke(StandardContextValve.java:108)
	at org.apache.catalina.authenticator.AuthenticatorBase.invoke(AuthenticatorBase.java:472)
	at org.apache.catalina.core.StandardHostValve.invoke(StandardHostValve.java:140)
	at org.apache.catalina.valves.ErrorReportValve.invoke(ErrorReportValve.java:79)
	at org.apache.catalina.valves.AbstractAccessLogValve.invoke(AbstractAccessLogValve.java:620)
	at org.apache.catalina.core.StandardEngineValve.invoke(StandardEngineValve.java:87)
	at org.apache.catalina.connector.CoyoteAdapter.service(CoyoteAdapter.java:349)
	at org.apache.coyote.http11.Http11Processor.service(Http11Processor.java:784)
	at org.apache.coyote.AbstractProcessorLight.process(AbstractProcessorLight.java:66)
	at org.apache.coyote.AbstractProtocol$ConnectionHandler.process(AbstractProtocol.java:802)
	at org.apache.tomcat.util.net.NioEndpoint$SocketProcessor.doRun(NioEndpoint.java:1410)
	at org.apache.tomcat.util.net.SocketProcessorBase.run(SocketProcessorBase.java:49)
	at java.util.concurrent.ThreadPoolExecutor.runWorker(ThreadPoolExecutor.java:1142)
	at java.util.concurrent.ThreadPoolExecutor$Worker.run(ThreadPoolExecutor.java:617)
	at org.apache.tomcat.util.threads.TaskThread$WrappingRunnable.run(TaskThread.java:61)
	at java.lang.Thread.run(Thread.java:745)

14-Sep-2016 19:08:11.875 INFO [localhost-startStop-2] org.apache.catalina.core.ApplicationContext.log SessionListener: contextDestroyed()
14-Sep-2016 19:08:11.875 INFO [localhost-startStop-2] org.apache.catalina.core.ApplicationContext.log ContextListener: contextDestroyed()
14-Sep-2016 19:08:17.862 INFO [localhost-startStop-1] org.apache.catalina.core.ApplicationContext.log ContextListener: contextInitialized()
14-Sep-2016 19:08:17.862 INFO [localhost-startStop-1] org.apache.catalina.core.ApplicationContext.log SessionListener: contextInitialized()
14-Sep-2016 19:18:17.792 INFO [localhost-startStop-2] org.apache.catalina.core.ApplicationContext.log SessionListener: contextDestroyed()
14-Sep-2016 19:18:17.792 INFO [localhost-startStop-2] org.apache.catalina.core.ApplicationContext.log ContextListener: contextDestroyed()
14-Sep-2016 19:18:21.387 INFO [localhost-startStop-1] org.apache.catalina.core.ApplicationContext.log ContextListener: contextInitialized()
14-Sep-2016 19:18:21.387 INFO [localhost-startStop-1] org.apache.catalina.core.ApplicationContext.log SessionListener: contextInitialized()
14-Sep-2016 19:20:18.206 INFO [localhost-startStop-2] org.apache.catalina.core.ApplicationContext.log SessionListener: contextDestroyed()
14-Sep-2016 19:20:18.206 INFO [localhost-startStop-2] org.apache.catalina.core.ApplicationContext.log ContextListener: contextDestroyed()
