03-Oct-2016 17:53:25.231 INFO [main] org.apache.catalina.startup.VersionLoggerListener.log Server version:        Apache Tomcat/8.5.5
03-Oct-2016 17:53:25.232 INFO [main] org.apache.catalina.startup.VersionLoggerListener.log Server built:          Aug 31 2016 19:51:16 UTC
03-Oct-2016 17:53:25.233 INFO [main] org.apache.catalina.startup.VersionLoggerListener.log Server number:         8.5.5.0
03-Oct-2016 17:53:25.233 INFO [main] org.apache.catalina.startup.VersionLoggerListener.log OS Name:               Windows 10
03-Oct-2016 17:53:25.233 INFO [main] org.apache.catalina.startup.VersionLoggerListener.log OS Version:            10.0
03-Oct-2016 17:53:25.233 INFO [main] org.apache.catalina.startup.VersionLoggerListener.log Architecture:          amd64
03-Oct-2016 17:53:25.233 INFO [main] org.apache.catalina.startup.VersionLoggerListener.log Java Home:             c:\program files\java\jdk1.8.0_91\jre
03-Oct-2016 17:53:25.233 INFO [main] org.apache.catalina.startup.VersionLoggerListener.log JVM Version:           1.8.0_91-b14
03-Oct-2016 17:53:25.234 INFO [main] org.apache.catalina.startup.VersionLoggerListener.log JVM Vendor:            Oracle Corporation
03-Oct-2016 17:53:25.235 INFO [main] org.apache.catalina.startup.VersionLoggerListener.log CATALINA_BASE:         C:\progs\tomcat8
03-Oct-2016 17:53:25.235 INFO [main] org.apache.catalina.startup.VersionLoggerListener.log CATALINA_HOME:         C:\progs\tomcat8
03-Oct-2016 17:53:25.235 INFO [main] org.apache.catalina.startup.VersionLoggerListener.log Command line argument: -Djdk.tls.ephemeralDHKeySize=2048
03-Oct-2016 17:53:25.235 INFO [main] org.apache.catalina.startup.VersionLoggerListener.log Command line argument: -Djava.util.logging.config.file=c:\progs\tomcat8\conf\logging.properties
03-Oct-2016 17:53:25.235 INFO [main] org.apache.catalina.startup.VersionLoggerListener.log Command line argument: -Djava.util.logging.manager=org.apache.juli.ClassLoaderLogManager
03-Oct-2016 17:53:25.236 INFO [main] org.apache.catalina.startup.VersionLoggerListener.log Command line argument: -Dcatalina.base=c:\progs\tomcat8
03-Oct-2016 17:53:25.236 INFO [main] org.apache.catalina.startup.VersionLoggerListener.log Command line argument: -Dcatalina.home=c:\progs\tomcat8
03-Oct-2016 17:53:25.236 INFO [main] org.apache.catalina.startup.VersionLoggerListener.log Command line argument: -Djava.io.tmpdir=c:\progs\tomcat8\temp
03-Oct-2016 17:53:25.237 INFO [main] org.apache.catalina.core.AprLifecycleListener.lifecycleEvent The APR based Apache Tomcat Native library which allows optimal performance in production environments was not found on the java.library.path: c:\program files\java\jdk1.8.0_91\bin;C:\WINDOWS\Sun\Java\bin;C:\WINDOWS\system32;C:\WINDOWS;C:\ProgramData\Oracle\Java\javapath;C:\Program Files (x86)\Intel\iCLS Client\;C:\Program Files\Intel\iCLS Client\;C:\Windows\system32;C:\Windows;C:\Windows\System32\Wbem;C:\Windows\System32\WindowsPowerShell\v1.0\;C:\Program Files (x86)\Intel\Intel(R) Management Engine Components\DAL;C:\Program Files\Intel\Intel(R) Management Engine Components\DAL;C:\Program Files (x86)\Intel\Intel(R) Management Engine Components\IPT;C:\Program Files\Intel\Intel(R) Management Engine Components\IPT;C:\Program Files (x86)\NVIDIA Corporation\PhysX\Common;C:\WINDOWS\system32;C:\WINDOWS;C:\WINDOWS\System32\Wbem;C:\WINDOWS\System32\WindowsPowerShell\v1.0\;C:\Users\Joshua\AppData\Local\Microsoft\WindowsApps;;.
03-Oct-2016 17:53:25.713 INFO [main] org.apache.coyote.AbstractProtocol.init Initializing ProtocolHandler ["http-nio-8080"]
03-Oct-2016 17:53:25.774 INFO [main] org.apache.tomcat.util.net.NioSelectorPool.getSharedSelector Using a shared selector for servlet write/read
03-Oct-2016 17:53:25.776 INFO [main] org.apache.coyote.AbstractProtocol.init Initializing ProtocolHandler ["ajp-nio-8009"]
03-Oct-2016 17:53:25.778 INFO [main] org.apache.tomcat.util.net.NioSelectorPool.getSharedSelector Using a shared selector for servlet write/read
03-Oct-2016 17:53:25.779 INFO [main] org.apache.catalina.startup.Catalina.load Initialization processed in 837 ms
03-Oct-2016 17:53:25.804 INFO [main] org.apache.catalina.core.StandardService.startInternal Starting service Catalina
03-Oct-2016 17:53:25.804 INFO [main] org.apache.catalina.core.StandardEngine.startInternal Starting Servlet Engine: Apache Tomcat/8.5.5
03-Oct-2016 17:53:25.811 INFO [localhost-startStop-1] org.apache.catalina.startup.HostConfig.deployDirectory Deploying web application directory C:\progs\tomcat8\webapps\docs
03-Oct-2016 17:53:26.061 INFO [localhost-startStop-1] org.apache.jasper.servlet.TldScanner.scanJars At least one JAR was scanned for TLDs yet contained no TLDs. Enable debug logging for this logger for a complete list of JARs that were scanned but no TLDs were found in them. Skipping unneeded JARs during scanning can improve startup time and JSP compilation time.
03-Oct-2016 17:53:26.590 INFO [localhost-startStop-1] org.apache.catalina.util.SessionIdGeneratorBase.createSecureRandom Creation of SecureRandom instance for session ID generation using [SHA1PRNG] took [510] milliseconds.
03-Oct-2016 17:53:26.605 INFO [localhost-startStop-1] org.apache.catalina.startup.HostConfig.deployDirectory Deployment of web application directory C:\progs\tomcat8\webapps\docs has finished in 794 ms
03-Oct-2016 17:53:26.605 INFO [localhost-startStop-1] org.apache.catalina.startup.HostConfig.deployDirectory Deploying web application directory C:\progs\tomcat8\webapps\examples
03-Oct-2016 17:53:27.346 INFO [localhost-startStop-1] org.apache.jasper.servlet.TldScanner.scanJars At least one JAR was scanned for TLDs yet contained no TLDs. Enable debug logging for this logger for a complete list of JARs that were scanned but no TLDs were found in them. Skipping unneeded JARs during scanning can improve startup time and JSP compilation time.
03-Oct-2016 17:53:27.387 INFO [localhost-startStop-1] org.apache.catalina.startup.HostConfig.deployDirectory Deployment of web application directory C:\progs\tomcat8\webapps\examples has finished in 782 ms
03-Oct-2016 17:53:27.388 INFO [localhost-startStop-1] org.apache.catalina.startup.HostConfig.deployDirectory Deploying web application directory C:\progs\tomcat8\webapps\host-manager
03-Oct-2016 17:53:27.441 INFO [localhost-startStop-1] org.apache.jasper.servlet.TldScanner.scanJars At least one JAR was scanned for TLDs yet contained no TLDs. Enable debug logging for this logger for a complete list of JARs that were scanned but no TLDs were found in them. Skipping unneeded JARs during scanning can improve startup time and JSP compilation time.
03-Oct-2016 17:53:27.444 INFO [localhost-startStop-1] org.apache.catalina.startup.HostConfig.deployDirectory Deployment of web application directory C:\progs\tomcat8\webapps\host-manager has finished in 56 ms
03-Oct-2016 17:53:27.445 INFO [localhost-startStop-1] org.apache.catalina.startup.HostConfig.deployDirectory Deploying web application directory C:\progs\tomcat8\webapps\manager
03-Oct-2016 17:53:27.555 INFO [localhost-startStop-1] org.apache.jasper.servlet.TldScanner.scanJars At least one JAR was scanned for TLDs yet contained no TLDs. Enable debug logging for this logger for a complete list of JARs that were scanned but no TLDs were found in them. Skipping unneeded JARs during scanning can improve startup time and JSP compilation time.
03-Oct-2016 17:53:27.557 INFO [localhost-startStop-1] org.apache.catalina.startup.HostConfig.deployDirectory Deployment of web application directory C:\progs\tomcat8\webapps\manager has finished in 113 ms
03-Oct-2016 17:53:27.557 INFO [localhost-startStop-1] org.apache.catalina.startup.HostConfig.deployDirectory Deploying web application directory C:\progs\tomcat8\webapps\myapp
03-Oct-2016 17:53:27.599 INFO [localhost-startStop-1] org.apache.jasper.servlet.TldScanner.scanJars At least one JAR was scanned for TLDs yet contained no TLDs. Enable debug logging for this logger for a complete list of JARs that were scanned but no TLDs were found in them. Skipping unneeded JARs during scanning can improve startup time and JSP compilation time.
03-Oct-2016 17:53:27.603 INFO [localhost-startStop-1] org.apache.catalina.startup.HostConfig.deployDirectory Deployment of web application directory C:\progs\tomcat8\webapps\myapp has finished in 46 ms
03-Oct-2016 17:53:27.603 INFO [localhost-startStop-1] org.apache.catalina.startup.HostConfig.deployDirectory Deploying web application directory C:\progs\tomcat8\webapps\ROOT
03-Oct-2016 17:53:27.647 INFO [localhost-startStop-1] org.apache.jasper.servlet.TldScanner.scanJars At least one JAR was scanned for TLDs yet contained no TLDs. Enable debug logging for this logger for a complete list of JARs that were scanned but no TLDs were found in them. Skipping unneeded JARs during scanning can improve startup time and JSP compilation time.
03-Oct-2016 17:53:27.649 INFO [localhost-startStop-1] org.apache.catalina.startup.HostConfig.deployDirectory Deployment of web application directory C:\progs\tomcat8\webapps\ROOT has finished in 46 ms
03-Oct-2016 17:53:27.649 INFO [localhost-startStop-1] org.apache.catalina.startup.HostConfig.deployDirectory Deploying web application directory C:\progs\tomcat8\webapps\webserv1
03-Oct-2016 17:53:28.497 INFO [localhost-startStop-1] org.apache.jasper.servlet.TldScanner.scanJars At least one JAR was scanned for TLDs yet contained no TLDs. Enable debug logging for this logger for a complete list of JARs that were scanned but no TLDs were found in them. Skipping unneeded JARs during scanning can improve startup time and JSP compilation time.
03-Oct-2016 17:53:29.324 INFO [localhost-startStop-1] org.apache.catalina.startup.HostConfig.deployDirectory Deployment of web application directory C:\progs\tomcat8\webapps\webserv1 has finished in 1,675 ms
03-Oct-2016 17:53:29.327 INFO [main] org.apache.coyote.AbstractProtocol.start Starting ProtocolHandler [http-nio-8080]
03-Oct-2016 17:53:29.332 INFO [main] org.apache.coyote.AbstractProtocol.start Starting ProtocolHandler [ajp-nio-8009]
03-Oct-2016 17:53:29.334 INFO [main] org.apache.catalina.startup.Catalina.start Server startup in 3554 ms
03-Oct-2016 18:17:26.240 SEVERE [main] org.apache.catalina.startup.Catalina.stopServer Could not contact localhost:8005. Tomcat may not be running.
03-Oct-2016 18:17:26.243 SEVERE [main] org.apache.catalina.startup.Catalina.stopServer Catalina.stop: 
 java.net.ConnectException: Connection refused: connect
	at java.net.DualStackPlainSocketImpl.connect0(Native Method)
	at java.net.DualStackPlainSocketImpl.socketConnect(DualStackPlainSocketImpl.java:79)
	at java.net.AbstractPlainSocketImpl.doConnect(AbstractPlainSocketImpl.java:350)
	at java.net.AbstractPlainSocketImpl.connectToAddress(AbstractPlainSocketImpl.java:206)
	at java.net.AbstractPlainSocketImpl.connect(AbstractPlainSocketImpl.java:188)
	at java.net.PlainSocketImpl.connect(PlainSocketImpl.java:172)
	at java.net.SocksSocketImpl.connect(SocksSocketImpl.java:392)
	at java.net.Socket.connect(Socket.java:589)
	at java.net.Socket.connect(Socket.java:538)
	at java.net.Socket.<init>(Socket.java:434)
	at java.net.Socket.<init>(Socket.java:211)
	at org.apache.catalina.startup.Catalina.stopServer(Catalina.java:476)
	at sun.reflect.NativeMethodAccessorImpl.invoke0(Native Method)
	at sun.reflect.NativeMethodAccessorImpl.invoke(NativeMethodAccessorImpl.java:62)
	at sun.reflect.DelegatingMethodAccessorImpl.invoke(DelegatingMethodAccessorImpl.java:43)
	at java.lang.reflect.Method.invoke(Method.java:498)
	at org.apache.catalina.startup.Bootstrap.stopServer(Bootstrap.java:408)
	at org.apache.catalina.startup.Bootstrap.main(Bootstrap.java:497)

03-Oct-2016 18:20:08.064 INFO [main] org.apache.catalina.startup.VersionLoggerListener.log Server version:        Apache Tomcat/8.5.5
03-Oct-2016 18:20:08.065 INFO [main] org.apache.catalina.startup.VersionLoggerListener.log Server built:          Aug 31 2016 19:51:16 UTC
03-Oct-2016 18:20:08.066 INFO [main] org.apache.catalina.startup.VersionLoggerListener.log Server number:         8.5.5.0
03-Oct-2016 18:20:08.066 INFO [main] org.apache.catalina.startup.VersionLoggerListener.log OS Name:               Windows 10
03-Oct-2016 18:20:08.066 INFO [main] org.apache.catalina.startup.VersionLoggerListener.log OS Version:            10.0
03-Oct-2016 18:20:08.066 INFO [main] org.apache.catalina.startup.VersionLoggerListener.log Architecture:          amd64
03-Oct-2016 18:20:08.067 INFO [main] org.apache.catalina.startup.VersionLoggerListener.log Java Home:             c:\program files\java\jdk1.8.0_91\jre
03-Oct-2016 18:20:08.067 INFO [main] org.apache.catalina.startup.VersionLoggerListener.log JVM Version:           1.8.0_91-b14
03-Oct-2016 18:20:08.067 INFO [main] org.apache.catalina.startup.VersionLoggerListener.log JVM Vendor:            Oracle Corporation
03-Oct-2016 18:20:08.067 INFO [main] org.apache.catalina.startup.VersionLoggerListener.log CATALINA_BASE:         C:\progs\tomcat8
03-Oct-2016 18:20:08.068 INFO [main] org.apache.catalina.startup.VersionLoggerListener.log CATALINA_HOME:         C:\progs\tomcat8
03-Oct-2016 18:20:08.068 INFO [main] org.apache.catalina.startup.VersionLoggerListener.log Command line argument: -Djdk.tls.ephemeralDHKeySize=2048
03-Oct-2016 18:20:08.068 INFO [main] org.apache.catalina.startup.VersionLoggerListener.log Command line argument: -Djava.util.logging.config.file=C:\progs\tomcat8\conf\logging.properties
03-Oct-2016 18:20:08.068 INFO [main] org.apache.catalina.startup.VersionLoggerListener.log Command line argument: -Djava.util.logging.manager=org.apache.juli.ClassLoaderLogManager
03-Oct-2016 18:20:08.069 INFO [main] org.apache.catalina.startup.VersionLoggerListener.log Command line argument: -Dcatalina.base=C:\progs\tomcat8
03-Oct-2016 18:20:08.069 INFO [main] org.apache.catalina.startup.VersionLoggerListener.log Command line argument: -Dcatalina.home=C:\progs\tomcat8
03-Oct-2016 18:20:08.069 INFO [main] org.apache.catalina.startup.VersionLoggerListener.log Command line argument: -Djava.io.tmpdir=C:\progs\tomcat8\temp
03-Oct-2016 18:20:08.070 INFO [main] org.apache.catalina.core.AprLifecycleListener.lifecycleEvent The APR based Apache Tomcat Native library which allows optimal performance in production environments was not found on the java.library.path: c:\program files\java\jdk1.8.0_91\bin;C:\WINDOWS\Sun\Java\bin;C:\WINDOWS\system32;C:\WINDOWS;C:\ProgramData\Oracle\Java\javapath;C:\Program Files (x86)\Intel\iCLS Client\;C:\Program Files\Intel\iCLS Client\;C:\Windows\system32;C:\Windows;C:\Windows\System32\Wbem;C:\Windows\System32\WindowsPowerShell\v1.0\;C:\Program Files (x86)\Intel\Intel(R) Management Engine Components\DAL;C:\Program Files\Intel\Intel(R) Management Engine Components\DAL;C:\Program Files (x86)\Intel\Intel(R) Management Engine Components\IPT;C:\Program Files\Intel\Intel(R) Management Engine Components\IPT;C:\Program Files (x86)\NVIDIA Corporation\PhysX\Common;C:\WINDOWS\system32;C:\WINDOWS;C:\WINDOWS\System32\Wbem;C:\WINDOWS\System32\WindowsPowerShell\v1.0\;C:\Users\Joshua\AppData\Local\Microsoft\WindowsApps;;.
03-Oct-2016 18:20:08.168 INFO [main] org.apache.coyote.AbstractProtocol.init Initializing ProtocolHandler ["http-nio-8080"]
03-Oct-2016 18:20:08.225 INFO [main] org.apache.tomcat.util.net.NioSelectorPool.getSharedSelector Using a shared selector for servlet write/read
03-Oct-2016 18:20:08.228 INFO [main] org.apache.coyote.AbstractProtocol.init Initializing ProtocolHandler ["ajp-nio-8009"]
03-Oct-2016 18:20:08.230 INFO [main] org.apache.tomcat.util.net.NioSelectorPool.getSharedSelector Using a shared selector for servlet write/read
03-Oct-2016 18:20:08.231 INFO [main] org.apache.catalina.startup.Catalina.load Initialization processed in 435 ms
03-Oct-2016 18:20:08.252 INFO [main] org.apache.catalina.core.StandardService.startInternal Starting service Catalina
03-Oct-2016 18:20:08.253 INFO [main] org.apache.catalina.core.StandardEngine.startInternal Starting Servlet Engine: Apache Tomcat/8.5.5
03-Oct-2016 18:20:08.260 INFO [localhost-startStop-1] org.apache.catalina.startup.HostConfig.deployDirectory Deploying web application directory C:\progs\tomcat8\webapps\docs
03-Oct-2016 18:20:08.502 INFO [localhost-startStop-1] org.apache.jasper.servlet.TldScanner.scanJars At least one JAR was scanned for TLDs yet contained no TLDs. Enable debug logging for this logger for a complete list of JARs that were scanned but no TLDs were found in them. Skipping unneeded JARs during scanning can improve startup time and JSP compilation time.
03-Oct-2016 18:20:09.051 INFO [localhost-startStop-1] org.apache.catalina.util.SessionIdGeneratorBase.createSecureRandom Creation of SecureRandom instance for session ID generation using [SHA1PRNG] took [525] milliseconds.
03-Oct-2016 18:20:09.067 INFO [localhost-startStop-1] org.apache.catalina.startup.HostConfig.deployDirectory Deployment of web application directory C:\progs\tomcat8\webapps\docs has finished in 807 ms
03-Oct-2016 18:20:09.067 INFO [localhost-startStop-1] org.apache.catalina.startup.HostConfig.deployDirectory Deploying web application directory C:\progs\tomcat8\webapps\examples
03-Oct-2016 18:20:09.295 INFO [localhost-startStop-1] org.apache.jasper.servlet.TldScanner.scanJars At least one JAR was scanned for TLDs yet contained no TLDs. Enable debug logging for this logger for a complete list of JARs that were scanned but no TLDs were found in them. Skipping unneeded JARs during scanning can improve startup time and JSP compilation time.
03-Oct-2016 18:20:09.333 INFO [localhost-startStop-1] org.apache.catalina.startup.HostConfig.deployDirectory Deployment of web application directory C:\progs\tomcat8\webapps\examples has finished in 266 ms
03-Oct-2016 18:20:09.333 INFO [localhost-startStop-1] org.apache.catalina.startup.HostConfig.deployDirectory Deploying web application directory C:\progs\tomcat8\webapps\host-manager
03-Oct-2016 18:20:09.379 INFO [localhost-startStop-1] org.apache.jasper.servlet.TldScanner.scanJars At least one JAR was scanned for TLDs yet contained no TLDs. Enable debug logging for this logger for a complete list of JARs that were scanned but no TLDs were found in them. Skipping unneeded JARs during scanning can improve startup time and JSP compilation time.
03-Oct-2016 18:20:09.382 INFO [localhost-startStop-1] org.apache.catalina.startup.HostConfig.deployDirectory Deployment of web application directory C:\progs\tomcat8\webapps\host-manager has finished in 49 ms
03-Oct-2016 18:20:09.382 INFO [localhost-startStop-1] org.apache.catalina.startup.HostConfig.deployDirectory Deploying web application directory C:\progs\tomcat8\webapps\manager
03-Oct-2016 18:20:09.432 INFO [localhost-startStop-1] org.apache.jasper.servlet.TldScanner.scanJars At least one JAR was scanned for TLDs yet contained no TLDs. Enable debug logging for this logger for a complete list of JARs that were scanned but no TLDs were found in them. Skipping unneeded JARs during scanning can improve startup time and JSP compilation time.
03-Oct-2016 18:20:09.434 INFO [localhost-startStop-1] org.apache.catalina.startup.HostConfig.deployDirectory Deployment of web application directory C:\progs\tomcat8\webapps\manager has finished in 52 ms
03-Oct-2016 18:20:09.434 INFO [localhost-startStop-1] org.apache.catalina.startup.HostConfig.deployDirectory Deploying web application directory C:\progs\tomcat8\webapps\myapp
03-Oct-2016 18:20:09.475 INFO [localhost-startStop-1] org.apache.jasper.servlet.TldScanner.scanJars At least one JAR was scanned for TLDs yet contained no TLDs. Enable debug logging for this logger for a complete list of JARs that were scanned but no TLDs were found in them. Skipping unneeded JARs during scanning can improve startup time and JSP compilation time.
03-Oct-2016 18:20:09.479 INFO [localhost-startStop-1] org.apache.catalina.startup.HostConfig.deployDirectory Deployment of web application directory C:\progs\tomcat8\webapps\myapp has finished in 45 ms
03-Oct-2016 18:20:09.480 INFO [localhost-startStop-1] org.apache.catalina.startup.HostConfig.deployDirectory Deploying web application directory C:\progs\tomcat8\webapps\ROOT
03-Oct-2016 18:20:09.518 INFO [localhost-startStop-1] org.apache.jasper.servlet.TldScanner.scanJars At least one JAR was scanned for TLDs yet contained no TLDs. Enable debug logging for this logger for a complete list of JARs that were scanned but no TLDs were found in them. Skipping unneeded JARs during scanning can improve startup time and JSP compilation time.
03-Oct-2016 18:20:09.520 INFO [localhost-startStop-1] org.apache.catalina.startup.HostConfig.deployDirectory Deployment of web application directory C:\progs\tomcat8\webapps\ROOT has finished in 40 ms
03-Oct-2016 18:20:09.521 INFO [localhost-startStop-1] org.apache.catalina.startup.HostConfig.deployDirectory Deploying web application directory C:\progs\tomcat8\webapps\webserv1
03-Oct-2016 18:20:10.094 INFO [localhost-startStop-1] org.apache.jasper.servlet.TldScanner.scanJars At least one JAR was scanned for TLDs yet contained no TLDs. Enable debug logging for this logger for a complete list of JARs that were scanned but no TLDs were found in them. Skipping unneeded JARs during scanning can improve startup time and JSP compilation time.
03-Oct-2016 18:20:10.861 INFO [localhost-startStop-1] org.apache.catalina.startup.HostConfig.deployDirectory Deployment of web application directory C:\progs\tomcat8\webapps\webserv1 has finished in 1,341 ms
03-Oct-2016 18:20:10.863 INFO [main] org.apache.coyote.AbstractProtocol.start Starting ProtocolHandler [http-nio-8080]
03-Oct-2016 18:20:10.869 INFO [main] org.apache.coyote.AbstractProtocol.start Starting ProtocolHandler [ajp-nio-8009]
03-Oct-2016 18:20:10.870 INFO [main] org.apache.catalina.startup.Catalina.start Server startup in 2639 ms
03-Oct-2016 18:27:31.329 INFO [main] org.apache.catalina.core.StandardServer.await A valid shutdown command was received via the shutdown port. Stopping the Server instance.
03-Oct-2016 18:27:31.330 INFO [main] org.apache.coyote.AbstractProtocol.pause Pausing ProtocolHandler ["http-nio-8080"]
03-Oct-2016 18:27:31.381 INFO [main] org.apache.coyote.AbstractProtocol.pause Pausing ProtocolHandler ["ajp-nio-8009"]
03-Oct-2016 18:27:31.433 INFO [main] org.apache.catalina.core.StandardService.stopInternal Stopping service Catalina
03-Oct-2016 18:27:31.473 WARNING [localhost-startStop-2] org.apache.catalina.loader.WebappClassLoaderBase.clearReferencesJdbc The web application [webserv1] registered the JDBC driver [com.mysql.jdbc.Driver] but failed to unregister it when the web application was stopped. To prevent a memory leak, the JDBC Driver has been forcibly unregistered.
03-Oct-2016 18:27:31.474 WARNING [localhost-startStop-2] org.apache.catalina.loader.WebappClassLoaderBase.clearReferencesThreads The web application [webserv1] appears to have started a thread named [Abandoned connection cleanup thread] but has failed to stop it. This is very likely to create a memory leak. Stack trace of thread:
 java.lang.Object.wait(Native Method)
 java.lang.ref.ReferenceQueue.remove(ReferenceQueue.java:143)
 com.mysql.jdbc.AbandonedConnectionCleanupThread.run(AbandonedConnectionCleanupThread.java:43)
03-Oct-2016 18:27:31.483 INFO [main] org.apache.coyote.AbstractProtocol.stop Stopping ProtocolHandler ["http-nio-8080"]
03-Oct-2016 18:27:31.485 INFO [main] org.apache.coyote.AbstractProtocol.stop Stopping ProtocolHandler ["ajp-nio-8009"]
03-Oct-2016 18:27:31.486 INFO [main] org.apache.coyote.AbstractProtocol.destroy Destroying ProtocolHandler ["http-nio-8080"]
03-Oct-2016 18:27:31.487 INFO [main] org.apache.coyote.AbstractProtocol.destroy Destroying ProtocolHandler ["ajp-nio-8009"]
03-Oct-2016 18:27:33.153 INFO [main] org.apache.catalina.startup.VersionLoggerListener.log Server version:        Apache Tomcat/8.5.5
03-Oct-2016 18:27:33.154 INFO [main] org.apache.catalina.startup.VersionLoggerListener.log Server built:          Aug 31 2016 19:51:16 UTC
03-Oct-2016 18:27:33.154 INFO [main] org.apache.catalina.startup.VersionLoggerListener.log Server number:         8.5.5.0
03-Oct-2016 18:27:33.155 INFO [main] org.apache.catalina.startup.VersionLoggerListener.log OS Name:               Windows 10
03-Oct-2016 18:27:33.155 INFO [main] org.apache.catalina.startup.VersionLoggerListener.log OS Version:            10.0
03-Oct-2016 18:27:33.155 INFO [main] org.apache.catalina.startup.VersionLoggerListener.log Architecture:          amd64
03-Oct-2016 18:27:33.155 INFO [main] org.apache.catalina.startup.VersionLoggerListener.log Java Home:             c:\program files\java\jdk1.8.0_91\jre
03-Oct-2016 18:27:33.155 INFO [main] org.apache.catalina.startup.VersionLoggerListener.log JVM Version:           1.8.0_91-b14
03-Oct-2016 18:27:33.155 INFO [main] org.apache.catalina.startup.VersionLoggerListener.log JVM Vendor:            Oracle Corporation
03-Oct-2016 18:27:33.155 INFO [main] org.apache.catalina.startup.VersionLoggerListener.log CATALINA_BASE:         C:\progs\tomcat8
03-Oct-2016 18:27:33.155 INFO [main] org.apache.catalina.startup.VersionLoggerListener.log CATALINA_HOME:         C:\progs\tomcat8
03-Oct-2016 18:27:33.156 INFO [main] org.apache.catalina.startup.VersionLoggerListener.log Command line argument: -Djdk.tls.ephemeralDHKeySize=2048
03-Oct-2016 18:27:33.156 INFO [main] org.apache.catalina.startup.VersionLoggerListener.log Command line argument: -Djava.util.logging.config.file=C:\progs\tomcat8\conf\logging.properties
03-Oct-2016 18:27:33.156 INFO [main] org.apache.catalina.startup.VersionLoggerListener.log Command line argument: -Djava.util.logging.manager=org.apache.juli.ClassLoaderLogManager
03-Oct-2016 18:27:33.156 INFO [main] org.apache.catalina.startup.VersionLoggerListener.log Command line argument: -Dcatalina.base=C:\progs\tomcat8
03-Oct-2016 18:27:33.156 INFO [main] org.apache.catalina.startup.VersionLoggerListener.log Command line argument: -Dcatalina.home=C:\progs\tomcat8
03-Oct-2016 18:27:33.156 INFO [main] org.apache.catalina.startup.VersionLoggerListener.log Command line argument: -Djava.io.tmpdir=C:\progs\tomcat8\temp
03-Oct-2016 18:27:33.157 INFO [main] org.apache.catalina.core.AprLifecycleListener.lifecycleEvent The APR based Apache Tomcat Native library which allows optimal performance in production environments was not found on the java.library.path: c:\program files\java\jdk1.8.0_91\bin;C:\WINDOWS\Sun\Java\bin;C:\WINDOWS\system32;C:\WINDOWS;C:\ProgramData\Oracle\Java\javapath;C:\Program Files (x86)\Intel\iCLS Client\;C:\Program Files\Intel\iCLS Client\;C:\Windows\system32;C:\Windows;C:\Windows\System32\Wbem;C:\Windows\System32\WindowsPowerShell\v1.0\;C:\Program Files (x86)\Intel\Intel(R) Management Engine Components\DAL;C:\Program Files\Intel\Intel(R) Management Engine Components\DAL;C:\Program Files (x86)\Intel\Intel(R) Management Engine Components\IPT;C:\Program Files\Intel\Intel(R) Management Engine Components\IPT;C:\Program Files (x86)\NVIDIA Corporation\PhysX\Common;C:\WINDOWS\system32;C:\WINDOWS;C:\WINDOWS\System32\Wbem;C:\WINDOWS\System32\WindowsPowerShell\v1.0\;C:\Users\Joshua\AppData\Local\Microsoft\WindowsApps;;.
03-Oct-2016 18:27:33.255 INFO [main] org.apache.coyote.AbstractProtocol.init Initializing ProtocolHandler ["http-nio-8080"]
03-Oct-2016 18:27:33.313 INFO [main] org.apache.tomcat.util.net.NioSelectorPool.getSharedSelector Using a shared selector for servlet write/read
03-Oct-2016 18:27:33.316 INFO [main] org.apache.coyote.AbstractProtocol.init Initializing ProtocolHandler ["ajp-nio-8009"]
03-Oct-2016 18:27:33.318 INFO [main] org.apache.tomcat.util.net.NioSelectorPool.getSharedSelector Using a shared selector for servlet write/read
03-Oct-2016 18:27:33.318 INFO [main] org.apache.catalina.startup.Catalina.load Initialization processed in 435 ms
03-Oct-2016 18:27:33.340 INFO [main] org.apache.catalina.core.StandardService.startInternal Starting service Catalina
03-Oct-2016 18:27:33.340 INFO [main] org.apache.catalina.core.StandardEngine.startInternal Starting Servlet Engine: Apache Tomcat/8.5.5
03-Oct-2016 18:27:33.348 INFO [localhost-startStop-1] org.apache.catalina.startup.HostConfig.deployDirectory Deploying web application directory C:\progs\tomcat8\webapps\docs
03-Oct-2016 18:27:33.570 INFO [localhost-startStop-1] org.apache.jasper.servlet.TldScanner.scanJars At least one JAR was scanned for TLDs yet contained no TLDs. Enable debug logging for this logger for a complete list of JARs that were scanned but no TLDs were found in them. Skipping unneeded JARs during scanning can improve startup time and JSP compilation time.
03-Oct-2016 18:27:34.089 INFO [localhost-startStop-1] org.apache.catalina.util.SessionIdGeneratorBase.createSecureRandom Creation of SecureRandom instance for session ID generation using [SHA1PRNG] took [499] milliseconds.
03-Oct-2016 18:27:34.105 INFO [localhost-startStop-1] org.apache.catalina.startup.HostConfig.deployDirectory Deployment of web application directory C:\progs\tomcat8\webapps\docs has finished in 757 ms
03-Oct-2016 18:27:34.106 INFO [localhost-startStop-1] org.apache.catalina.startup.HostConfig.deployDirectory Deploying web application directory C:\progs\tomcat8\webapps\examples
03-Oct-2016 18:27:34.338 INFO [localhost-startStop-1] org.apache.jasper.servlet.TldScanner.scanJars At least one JAR was scanned for TLDs yet contained no TLDs. Enable debug logging for this logger for a complete list of JARs that were scanned but no TLDs were found in them. Skipping unneeded JARs during scanning can improve startup time and JSP compilation time.
03-Oct-2016 18:27:34.372 INFO [localhost-startStop-1] org.apache.catalina.startup.HostConfig.deployDirectory Deployment of web application directory C:\progs\tomcat8\webapps\examples has finished in 267 ms
03-Oct-2016 18:27:34.372 INFO [localhost-startStop-1] org.apache.catalina.startup.HostConfig.deployDirectory Deploying web application directory C:\progs\tomcat8\webapps\host-manager
03-Oct-2016 18:27:34.422 INFO [localhost-startStop-1] org.apache.jasper.servlet.TldScanner.scanJars At least one JAR was scanned for TLDs yet contained no TLDs. Enable debug logging for this logger for a complete list of JARs that were scanned but no TLDs were found in them. Skipping unneeded JARs during scanning can improve startup time and JSP compilation time.
03-Oct-2016 18:27:34.425 INFO [localhost-startStop-1] org.apache.catalina.startup.HostConfig.deployDirectory Deployment of web application directory C:\progs\tomcat8\webapps\host-manager has finished in 53 ms
03-Oct-2016 18:27:34.426 INFO [localhost-startStop-1] org.apache.catalina.startup.HostConfig.deployDirectory Deploying web application directory C:\progs\tomcat8\webapps\manager
03-Oct-2016 18:27:34.473 INFO [localhost-startStop-1] org.apache.jasper.servlet.TldScanner.scanJars At least one JAR was scanned for TLDs yet contained no TLDs. Enable debug logging for this logger for a complete list of JARs that were scanned but no TLDs were found in them. Skipping unneeded JARs during scanning can improve startup time and JSP compilation time.
03-Oct-2016 18:27:34.475 INFO [localhost-startStop-1] org.apache.catalina.startup.HostConfig.deployDirectory Deployment of web application directory C:\progs\tomcat8\webapps\manager has finished in 50 ms
03-Oct-2016 18:27:34.475 INFO [localhost-startStop-1] org.apache.catalina.startup.HostConfig.deployDirectory Deploying web application directory C:\progs\tomcat8\webapps\myapp
03-Oct-2016 18:27:34.516 INFO [localhost-startStop-1] org.apache.jasper.servlet.TldScanner.scanJars At least one JAR was scanned for TLDs yet contained no TLDs. Enable debug logging for this logger for a complete list of JARs that were scanned but no TLDs were found in them. Skipping unneeded JARs during scanning can improve startup time and JSP compilation time.
03-Oct-2016 18:27:34.521 INFO [localhost-startStop-1] org.apache.catalina.startup.HostConfig.deployDirectory Deployment of web application directory C:\progs\tomcat8\webapps\myapp has finished in 46 ms
03-Oct-2016 18:27:34.521 INFO [localhost-startStop-1] org.apache.catalina.startup.HostConfig.deployDirectory Deploying web application directory C:\progs\tomcat8\webapps\ROOT
03-Oct-2016 18:27:34.560 INFO [localhost-startStop-1] org.apache.jasper.servlet.TldScanner.scanJars At least one JAR was scanned for TLDs yet contained no TLDs. Enable debug logging for this logger for a complete list of JARs that were scanned but no TLDs were found in them. Skipping unneeded JARs during scanning can improve startup time and JSP compilation time.
03-Oct-2016 18:27:34.563 INFO [localhost-startStop-1] org.apache.catalina.startup.HostConfig.deployDirectory Deployment of web application directory C:\progs\tomcat8\webapps\ROOT has finished in 42 ms
03-Oct-2016 18:27:34.563 INFO [localhost-startStop-1] org.apache.catalina.startup.HostConfig.deployDirectory Deploying web application directory C:\progs\tomcat8\webapps\webserv1
03-Oct-2016 18:27:35.124 INFO [localhost-startStop-1] org.apache.jasper.servlet.TldScanner.scanJars At least one JAR was scanned for TLDs yet contained no TLDs. Enable debug logging for this logger for a complete list of JARs that were scanned but no TLDs were found in them. Skipping unneeded JARs during scanning can improve startup time and JSP compilation time.
03-Oct-2016 18:27:35.847 INFO [localhost-startStop-1] org.apache.catalina.startup.HostConfig.deployDirectory Deployment of web application directory C:\progs\tomcat8\webapps\webserv1 has finished in 1,284 ms
03-Oct-2016 18:27:35.850 INFO [main] org.apache.coyote.AbstractProtocol.start Starting ProtocolHandler [http-nio-8080]
03-Oct-2016 18:27:35.855 INFO [main] org.apache.coyote.AbstractProtocol.start Starting ProtocolHandler [ajp-nio-8009]
03-Oct-2016 18:27:35.857 INFO [main] org.apache.catalina.startup.Catalina.start Server startup in 2537 ms
03-Oct-2016 18:43:47.631 INFO [main] org.apache.catalina.startup.VersionLoggerListener.log Server version:        Apache Tomcat/8.5.5
03-Oct-2016 18:43:47.632 INFO [main] org.apache.catalina.startup.VersionLoggerListener.log Server built:          Aug 31 2016 19:51:16 UTC
03-Oct-2016 18:43:47.632 INFO [main] org.apache.catalina.startup.VersionLoggerListener.log Server number:         8.5.5.0
03-Oct-2016 18:43:47.632 INFO [main] org.apache.catalina.startup.VersionLoggerListener.log OS Name:               Windows 10
03-Oct-2016 18:43:47.633 INFO [main] org.apache.catalina.startup.VersionLoggerListener.log OS Version:            10.0
03-Oct-2016 18:43:47.633 INFO [main] org.apache.catalina.startup.VersionLoggerListener.log Architecture:          amd64
03-Oct-2016 18:43:47.633 INFO [main] org.apache.catalina.startup.VersionLoggerListener.log Java Home:             c:\program files\java\jdk1.8.0_91\jre
03-Oct-2016 18:43:47.633 INFO [main] org.apache.catalina.startup.VersionLoggerListener.log JVM Version:           1.8.0_91-b14
03-Oct-2016 18:43:47.633 INFO [main] org.apache.catalina.startup.VersionLoggerListener.log JVM Vendor:            Oracle Corporation
03-Oct-2016 18:43:47.633 INFO [main] org.apache.catalina.startup.VersionLoggerListener.log CATALINA_BASE:         C:\progs\tomcat8
03-Oct-2016 18:43:47.633 INFO [main] org.apache.catalina.startup.VersionLoggerListener.log CATALINA_HOME:         C:\progs\tomcat8
03-Oct-2016 18:43:47.634 INFO [main] org.apache.catalina.startup.VersionLoggerListener.log Command line argument: -Djdk.tls.ephemeralDHKeySize=2048
03-Oct-2016 18:43:47.634 INFO [main] org.apache.catalina.startup.VersionLoggerListener.log Command line argument: -Djava.util.logging.config.file=C:\progs\tomcat8\conf\logging.properties
03-Oct-2016 18:43:47.634 INFO [main] org.apache.catalina.startup.VersionLoggerListener.log Command line argument: -Djava.util.logging.manager=org.apache.juli.ClassLoaderLogManager
03-Oct-2016 18:43:47.634 INFO [main] org.apache.catalina.startup.VersionLoggerListener.log Command line argument: -Dcatalina.base=C:\progs\tomcat8
03-Oct-2016 18:43:47.634 INFO [main] org.apache.catalina.startup.VersionLoggerListener.log Command line argument: -Dcatalina.home=C:\progs\tomcat8
03-Oct-2016 18:43:47.635 INFO [main] org.apache.catalina.startup.VersionLoggerListener.log Command line argument: -Djava.io.tmpdir=C:\progs\tomcat8\temp
03-Oct-2016 18:43:47.636 INFO [main] org.apache.catalina.core.AprLifecycleListener.lifecycleEvent The APR based Apache Tomcat Native library which allows optimal performance in production environments was not found on the java.library.path: c:\program files\java\jdk1.8.0_91\bin;C:\WINDOWS\Sun\Java\bin;C:\WINDOWS\system32;C:\WINDOWS;C:\ProgramData\Oracle\Java\javapath;C:\Program Files (x86)\Intel\iCLS Client\;C:\Program Files\Intel\iCLS Client\;C:\Windows\system32;C:\Windows;C:\Windows\System32\Wbem;C:\Windows\System32\WindowsPowerShell\v1.0\;C:\Program Files (x86)\Intel\Intel(R) Management Engine Components\DAL;C:\Program Files\Intel\Intel(R) Management Engine Components\DAL;C:\Program Files (x86)\Intel\Intel(R) Management Engine Components\IPT;C:\Program Files\Intel\Intel(R) Management Engine Components\IPT;C:\Program Files (x86)\NVIDIA Corporation\PhysX\Common;C:\WINDOWS\system32;C:\WINDOWS;C:\WINDOWS\System32\Wbem;C:\WINDOWS\System32\WindowsPowerShell\v1.0\;C:\Users\Joshua\AppData\Local\Microsoft\WindowsApps;;.
03-Oct-2016 18:43:47.739 INFO [main] org.apache.coyote.AbstractProtocol.init Initializing ProtocolHandler ["http-nio-8080"]
03-Oct-2016 18:43:47.790 INFO [main] org.apache.tomcat.util.net.NioSelectorPool.getSharedSelector Using a shared selector for servlet write/read
03-Oct-2016 18:43:47.792 INFO [main] org.apache.coyote.AbstractProtocol.init Initializing ProtocolHandler ["ajp-nio-8009"]
03-Oct-2016 18:43:47.794 INFO [main] org.apache.tomcat.util.net.NioSelectorPool.getSharedSelector Using a shared selector for servlet write/read
03-Oct-2016 18:43:47.794 INFO [main] org.apache.catalina.startup.Catalina.load Initialization processed in 448 ms
03-Oct-2016 18:43:47.818 INFO [main] org.apache.catalina.core.StandardService.startInternal Starting service Catalina
03-Oct-2016 18:43:47.818 INFO [main] org.apache.catalina.core.StandardEngine.startInternal Starting Servlet Engine: Apache Tomcat/8.5.5
03-Oct-2016 18:43:47.828 INFO [localhost-startStop-1] org.apache.catalina.startup.HostConfig.deployDirectory Deploying web application directory C:\progs\tomcat8\webapps\docs
03-Oct-2016 18:43:48.052 INFO [localhost-startStop-1] org.apache.jasper.servlet.TldScanner.scanJars At least one JAR was scanned for TLDs yet contained no TLDs. Enable debug logging for this logger for a complete list of JARs that were scanned but no TLDs were found in them. Skipping unneeded JARs during scanning can improve startup time and JSP compilation time.
03-Oct-2016 18:43:48.606 INFO [localhost-startStop-1] org.apache.catalina.util.SessionIdGeneratorBase.createSecureRandom Creation of SecureRandom instance for session ID generation using [SHA1PRNG] took [529] milliseconds.
03-Oct-2016 18:43:48.623 INFO [localhost-startStop-1] org.apache.catalina.startup.HostConfig.deployDirectory Deployment of web application directory C:\progs\tomcat8\webapps\docs has finished in 795 ms
03-Oct-2016 18:43:48.623 INFO [localhost-startStop-1] org.apache.catalina.startup.HostConfig.deployDirectory Deploying web application directory C:\progs\tomcat8\webapps\examples
03-Oct-2016 18:43:48.862 INFO [localhost-startStop-1] org.apache.jasper.servlet.TldScanner.scanJars At least one JAR was scanned for TLDs yet contained no TLDs. Enable debug logging for this logger for a complete list of JARs that were scanned but no TLDs were found in them. Skipping unneeded JARs during scanning can improve startup time and JSP compilation time.
03-Oct-2016 18:43:48.896 INFO [localhost-startStop-1] org.apache.catalina.startup.HostConfig.deployDirectory Deployment of web application directory C:\progs\tomcat8\webapps\examples has finished in 273 ms
03-Oct-2016 18:43:48.896 INFO [localhost-startStop-1] org.apache.catalina.startup.HostConfig.deployDirectory Deploying web application directory C:\progs\tomcat8\webapps\host-manager
03-Oct-2016 18:43:48.941 INFO [localhost-startStop-1] org.apache.jasper.servlet.TldScanner.scanJars At least one JAR was scanned for TLDs yet contained no TLDs. Enable debug logging for this logger for a complete list of JARs that were scanned but no TLDs were found in them. Skipping unneeded JARs during scanning can improve startup time and JSP compilation time.
03-Oct-2016 18:43:48.945 INFO [localhost-startStop-1] org.apache.catalina.startup.HostConfig.deployDirectory Deployment of web application directory C:\progs\tomcat8\webapps\host-manager has finished in 49 ms
03-Oct-2016 18:43:48.945 INFO [localhost-startStop-1] org.apache.catalina.startup.HostConfig.deployDirectory Deploying web application directory C:\progs\tomcat8\webapps\manager
03-Oct-2016 18:43:48.989 INFO [localhost-startStop-1] org.apache.jasper.servlet.TldScanner.scanJars At least one JAR was scanned for TLDs yet contained no TLDs. Enable debug logging for this logger for a complete list of JARs that were scanned but no TLDs were found in them. Skipping unneeded JARs during scanning can improve startup time and JSP compilation time.
03-Oct-2016 18:43:48.991 INFO [localhost-startStop-1] org.apache.catalina.startup.HostConfig.deployDirectory Deployment of web application directory C:\progs\tomcat8\webapps\manager has finished in 46 ms
03-Oct-2016 18:43:48.992 INFO [localhost-startStop-1] org.apache.catalina.startup.HostConfig.deployDirectory Deploying web application directory C:\progs\tomcat8\webapps\myapp
03-Oct-2016 18:43:49.037 INFO [localhost-startStop-1] org.apache.jasper.servlet.TldScanner.scanJars At least one JAR was scanned for TLDs yet contained no TLDs. Enable debug logging for this logger for a complete list of JARs that were scanned but no TLDs were found in them. Skipping unneeded JARs during scanning can improve startup time and JSP compilation time.
03-Oct-2016 18:43:49.041 INFO [localhost-startStop-1] org.apache.catalina.startup.HostConfig.deployDirectory Deployment of web application directory C:\progs\tomcat8\webapps\myapp has finished in 49 ms
03-Oct-2016 18:43:49.041 INFO [localhost-startStop-1] org.apache.catalina.startup.HostConfig.deployDirectory Deploying web application directory C:\progs\tomcat8\webapps\ROOT
03-Oct-2016 18:43:49.078 INFO [localhost-startStop-1] org.apache.jasper.servlet.TldScanner.scanJars At least one JAR was scanned for TLDs yet contained no TLDs. Enable debug logging for this logger for a complete list of JARs that were scanned but no TLDs were found in them. Skipping unneeded JARs during scanning can improve startup time and JSP compilation time.
03-Oct-2016 18:43:49.080 INFO [localhost-startStop-1] org.apache.catalina.startup.HostConfig.deployDirectory Deployment of web application directory C:\progs\tomcat8\webapps\ROOT has finished in 39 ms
03-Oct-2016 18:43:49.080 INFO [localhost-startStop-1] org.apache.catalina.startup.HostConfig.deployDirectory Deploying web application directory C:\progs\tomcat8\webapps\webserv1
03-Oct-2016 18:43:49.630 INFO [localhost-startStop-1] org.apache.jasper.servlet.TldScanner.scanJars At least one JAR was scanned for TLDs yet contained no TLDs. Enable debug logging for this logger for a complete list of JARs that were scanned but no TLDs were found in them. Skipping unneeded JARs during scanning can improve startup time and JSP compilation time.
03-Oct-2016 18:43:50.382 INFO [localhost-startStop-1] org.apache.catalina.startup.HostConfig.deployDirectory Deployment of web application directory C:\progs\tomcat8\webapps\webserv1 has finished in 1,302 ms
03-Oct-2016 18:43:50.385 INFO [main] org.apache.coyote.AbstractProtocol.start Starting ProtocolHandler [http-nio-8080]
03-Oct-2016 18:43:50.390 INFO [main] org.apache.coyote.AbstractProtocol.start Starting ProtocolHandler [ajp-nio-8009]
03-Oct-2016 18:43:50.392 INFO [main] org.apache.catalina.startup.Catalina.start Server startup in 2596 ms
03-Oct-2016 18:48:21.561 INFO [main] org.apache.catalina.core.StandardServer.await A valid shutdown command was received via the shutdown port. Stopping the Server instance.
03-Oct-2016 18:48:21.561 INFO [main] org.apache.coyote.AbstractProtocol.pause Pausing ProtocolHandler ["http-nio-8080"]
03-Oct-2016 18:48:21.612 INFO [main] org.apache.coyote.AbstractProtocol.pause Pausing ProtocolHandler ["ajp-nio-8009"]
03-Oct-2016 18:48:21.664 INFO [main] org.apache.catalina.core.StandardService.stopInternal Stopping service Catalina
03-Oct-2016 18:48:21.697 WARNING [localhost-startStop-2] org.apache.catalina.loader.WebappClassLoaderBase.clearReferencesJdbc The web application [webserv1] registered the JDBC driver [com.mysql.jdbc.Driver] but failed to unregister it when the web application was stopped. To prevent a memory leak, the JDBC Driver has been forcibly unregistered.
03-Oct-2016 18:48:21.698 WARNING [localhost-startStop-2] org.apache.catalina.loader.WebappClassLoaderBase.clearReferencesThreads The web application [webserv1] appears to have started a thread named [Abandoned connection cleanup thread] but has failed to stop it. This is very likely to create a memory leak. Stack trace of thread:
 java.lang.Object.wait(Native Method)
 java.lang.ref.ReferenceQueue.remove(ReferenceQueue.java:143)
 com.mysql.jdbc.AbandonedConnectionCleanupThread.run(AbandonedConnectionCleanupThread.java:43)
03-Oct-2016 18:48:21.708 INFO [main] org.apache.coyote.AbstractProtocol.stop Stopping ProtocolHandler ["http-nio-8080"]
03-Oct-2016 18:48:21.710 INFO [main] org.apache.coyote.AbstractProtocol.stop Stopping ProtocolHandler ["ajp-nio-8009"]
03-Oct-2016 18:48:21.710 INFO [main] org.apache.coyote.AbstractProtocol.destroy Destroying ProtocolHandler ["http-nio-8080"]
03-Oct-2016 18:48:21.711 INFO [main] org.apache.coyote.AbstractProtocol.destroy Destroying ProtocolHandler ["ajp-nio-8009"]
03-Oct-2016 18:48:25.941 INFO [main] org.apache.catalina.startup.VersionLoggerListener.log Server version:        Apache Tomcat/8.5.5
03-Oct-2016 18:48:25.942 INFO [main] org.apache.catalina.startup.VersionLoggerListener.log Server built:          Aug 31 2016 19:51:16 UTC
03-Oct-2016 18:48:25.943 INFO [main] org.apache.catalina.startup.VersionLoggerListener.log Server number:         8.5.5.0
03-Oct-2016 18:48:25.943 INFO [main] org.apache.catalina.startup.VersionLoggerListener.log OS Name:               Windows 10
03-Oct-2016 18:48:25.943 INFO [main] org.apache.catalina.startup.VersionLoggerListener.log OS Version:            10.0
03-Oct-2016 18:48:25.943 INFO [main] org.apache.catalina.startup.VersionLoggerListener.log Architecture:          amd64
03-Oct-2016 18:48:25.943 INFO [main] org.apache.catalina.startup.VersionLoggerListener.log Java Home:             c:\program files\java\jdk1.8.0_91\jre
03-Oct-2016 18:48:25.943 INFO [main] org.apache.catalina.startup.VersionLoggerListener.log JVM Version:           1.8.0_91-b14
03-Oct-2016 18:48:25.944 INFO [main] org.apache.catalina.startup.VersionLoggerListener.log JVM Vendor:            Oracle Corporation
03-Oct-2016 18:48:25.944 INFO [main] org.apache.catalina.startup.VersionLoggerListener.log CATALINA_BASE:         C:\progs\tomcat8
03-Oct-2016 18:48:25.944 INFO [main] org.apache.catalina.startup.VersionLoggerListener.log CATALINA_HOME:         C:\progs\tomcat8
03-Oct-2016 18:48:25.944 INFO [main] org.apache.catalina.startup.VersionLoggerListener.log Command line argument: -Djdk.tls.ephemeralDHKeySize=2048
03-Oct-2016 18:48:25.944 INFO [main] org.apache.catalina.startup.VersionLoggerListener.log Command line argument: -Djava.util.logging.config.file=C:\progs\tomcat8\conf\logging.properties
03-Oct-2016 18:48:25.944 INFO [main] org.apache.catalina.startup.VersionLoggerListener.log Command line argument: -Djava.util.logging.manager=org.apache.juli.ClassLoaderLogManager
03-Oct-2016 18:48:25.944 INFO [main] org.apache.catalina.startup.VersionLoggerListener.log Command line argument: -Dcatalina.base=C:\progs\tomcat8
03-Oct-2016 18:48:25.944 INFO [main] org.apache.catalina.startup.VersionLoggerListener.log Command line argument: -Dcatalina.home=C:\progs\tomcat8
03-Oct-2016 18:48:25.944 INFO [main] org.apache.catalina.startup.VersionLoggerListener.log Command line argument: -Djava.io.tmpdir=C:\progs\tomcat8\temp
03-Oct-2016 18:48:25.945 INFO [main] org.apache.catalina.core.AprLifecycleListener.lifecycleEvent The APR based Apache Tomcat Native library which allows optimal performance in production environments was not found on the java.library.path: c:\program files\java\jdk1.8.0_91\bin;C:\WINDOWS\Sun\Java\bin;C:\WINDOWS\system32;C:\WINDOWS;C:\ProgramData\Oracle\Java\javapath;C:\Program Files (x86)\Intel\iCLS Client\;C:\Program Files\Intel\iCLS Client\;C:\Windows\system32;C:\Windows;C:\Windows\System32\Wbem;C:\Windows\System32\WindowsPowerShell\v1.0\;C:\Program Files (x86)\Intel\Intel(R) Management Engine Components\DAL;C:\Program Files\Intel\Intel(R) Management Engine Components\DAL;C:\Program Files (x86)\Intel\Intel(R) Management Engine Components\IPT;C:\Program Files\Intel\Intel(R) Management Engine Components\IPT;C:\Program Files (x86)\NVIDIA Corporation\PhysX\Common;C:\WINDOWS\system32;C:\WINDOWS;C:\WINDOWS\System32\Wbem;C:\WINDOWS\System32\WindowsPowerShell\v1.0\;C:\Users\Joshua\AppData\Local\Microsoft\WindowsApps;;.
03-Oct-2016 18:48:26.048 INFO [main] org.apache.coyote.AbstractProtocol.init Initializing ProtocolHandler ["http-nio-8080"]
03-Oct-2016 18:48:26.109 INFO [main] org.apache.tomcat.util.net.NioSelectorPool.getSharedSelector Using a shared selector for servlet write/read
03-Oct-2016 18:48:26.111 INFO [main] org.apache.coyote.AbstractProtocol.init Initializing ProtocolHandler ["ajp-nio-8009"]
03-Oct-2016 18:48:26.113 INFO [main] org.apache.tomcat.util.net.NioSelectorPool.getSharedSelector Using a shared selector for servlet write/read
03-Oct-2016 18:48:26.113 INFO [main] org.apache.catalina.startup.Catalina.load Initialization processed in 444 ms
03-Oct-2016 18:48:26.138 INFO [main] org.apache.catalina.core.StandardService.startInternal Starting service Catalina
03-Oct-2016 18:48:26.138 INFO [main] org.apache.catalina.core.StandardEngine.startInternal Starting Servlet Engine: Apache Tomcat/8.5.5
03-Oct-2016 18:48:26.149 INFO [localhost-startStop-1] org.apache.catalina.startup.HostConfig.deployDirectory Deploying web application directory C:\progs\tomcat8\webapps\docs
03-Oct-2016 18:48:26.379 INFO [localhost-startStop-1] org.apache.jasper.servlet.TldScanner.scanJars At least one JAR was scanned for TLDs yet contained no TLDs. Enable debug logging for this logger for a complete list of JARs that were scanned but no TLDs were found in them. Skipping unneeded JARs during scanning can improve startup time and JSP compilation time.
03-Oct-2016 18:48:26.896 INFO [localhost-startStop-1] org.apache.catalina.util.SessionIdGeneratorBase.createSecureRandom Creation of SecureRandom instance for session ID generation using [SHA1PRNG] took [496] milliseconds.
03-Oct-2016 18:48:26.912 INFO [localhost-startStop-1] org.apache.catalina.startup.HostConfig.deployDirectory Deployment of web application directory C:\progs\tomcat8\webapps\docs has finished in 763 ms
03-Oct-2016 18:48:26.913 INFO [localhost-startStop-1] org.apache.catalina.startup.HostConfig.deployDirectory Deploying web application directory C:\progs\tomcat8\webapps\examples
03-Oct-2016 18:48:27.142 INFO [localhost-startStop-1] org.apache.jasper.servlet.TldScanner.scanJars At least one JAR was scanned for TLDs yet contained no TLDs. Enable debug logging for this logger for a complete list of JARs that were scanned but no TLDs were found in them. Skipping unneeded JARs during scanning can improve startup time and JSP compilation time.
03-Oct-2016 18:48:27.176 INFO [localhost-startStop-1] org.apache.catalina.startup.HostConfig.deployDirectory Deployment of web application directory C:\progs\tomcat8\webapps\examples has finished in 263 ms
03-Oct-2016 18:48:27.176 INFO [localhost-startStop-1] org.apache.catalina.startup.HostConfig.deployDirectory Deploying web application directory C:\progs\tomcat8\webapps\host-manager
03-Oct-2016 18:48:27.224 INFO [localhost-startStop-1] org.apache.jasper.servlet.TldScanner.scanJars At least one JAR was scanned for TLDs yet contained no TLDs. Enable debug logging for this logger for a complete list of JARs that were scanned but no TLDs were found in them. Skipping unneeded JARs during scanning can improve startup time and JSP compilation time.
03-Oct-2016 18:48:27.227 INFO [localhost-startStop-1] org.apache.catalina.startup.HostConfig.deployDirectory Deployment of web application directory C:\progs\tomcat8\webapps\host-manager has finished in 51 ms
03-Oct-2016 18:48:27.227 INFO [localhost-startStop-1] org.apache.catalina.startup.HostConfig.deployDirectory Deploying web application directory C:\progs\tomcat8\webapps\manager
03-Oct-2016 18:48:27.271 INFO [localhost-startStop-1] org.apache.jasper.servlet.TldScanner.scanJars At least one JAR was scanned for TLDs yet contained no TLDs. Enable debug logging for this logger for a complete list of JARs that were scanned but no TLDs were found in them. Skipping unneeded JARs during scanning can improve startup time and JSP compilation time.
03-Oct-2016 18:48:27.273 INFO [localhost-startStop-1] org.apache.catalina.startup.HostConfig.deployDirectory Deployment of web application directory C:\progs\tomcat8\webapps\manager has finished in 46 ms
03-Oct-2016 18:48:27.273 INFO [localhost-startStop-1] org.apache.catalina.startup.HostConfig.deployDirectory Deploying web application directory C:\progs\tomcat8\webapps\myapp
03-Oct-2016 18:48:27.315 INFO [localhost-startStop-1] org.apache.jasper.servlet.TldScanner.scanJars At least one JAR was scanned for TLDs yet contained no TLDs. Enable debug logging for this logger for a complete list of JARs that were scanned but no TLDs were found in them. Skipping unneeded JARs during scanning can improve startup time and JSP compilation time.
03-Oct-2016 18:48:27.320 INFO [localhost-startStop-1] org.apache.catalina.startup.HostConfig.deployDirectory Deployment of web application directory C:\progs\tomcat8\webapps\myapp has finished in 47 ms
03-Oct-2016 18:48:27.320 INFO [localhost-startStop-1] org.apache.catalina.startup.HostConfig.deployDirectory Deploying web application directory C:\progs\tomcat8\webapps\ROOT
03-Oct-2016 18:48:27.357 INFO [localhost-startStop-1] org.apache.jasper.servlet.TldScanner.scanJars At least one JAR was scanned for TLDs yet contained no TLDs. Enable debug logging for this logger for a complete list of JARs that were scanned but no TLDs were found in them. Skipping unneeded JARs during scanning can improve startup time and JSP compilation time.
03-Oct-2016 18:48:27.359 INFO [localhost-startStop-1] org.apache.catalina.startup.HostConfig.deployDirectory Deployment of web application directory C:\progs\tomcat8\webapps\ROOT has finished in 39 ms
03-Oct-2016 18:48:27.359 INFO [localhost-startStop-1] org.apache.catalina.startup.HostConfig.deployDirectory Deploying web application directory C:\progs\tomcat8\webapps\webserv1
03-Oct-2016 18:48:28.303 INFO [localhost-startStop-1] org.apache.jasper.servlet.TldScanner.scanJars At least one JAR was scanned for TLDs yet contained no TLDs. Enable debug logging for this logger for a complete list of JARs that were scanned but no TLDs were found in them. Skipping unneeded JARs during scanning can improve startup time and JSP compilation time.
03-Oct-2016 18:48:29.446 INFO [localhost-startStop-1] org.apache.catalina.startup.HostConfig.deployDirectory Deployment of web application directory C:\progs\tomcat8\webapps\webserv1 has finished in 2,087 ms
03-Oct-2016 18:48:29.450 INFO [main] org.apache.coyote.AbstractProtocol.start Starting ProtocolHandler [http-nio-8080]
03-Oct-2016 18:48:29.457 INFO [main] org.apache.coyote.AbstractProtocol.start Starting ProtocolHandler [ajp-nio-8009]
03-Oct-2016 18:48:29.460 INFO [main] org.apache.catalina.startup.Catalina.start Server startup in 3345 ms
03-Oct-2016 19:06:40.736 INFO [main] org.apache.catalina.startup.VersionLoggerListener.log Server version:        Apache Tomcat/8.5.5
03-Oct-2016 19:06:40.737 INFO [main] org.apache.catalina.startup.VersionLoggerListener.log Server built:          Aug 31 2016 19:51:16 UTC
03-Oct-2016 19:06:40.738 INFO [main] org.apache.catalina.startup.VersionLoggerListener.log Server number:         8.5.5.0
03-Oct-2016 19:06:40.738 INFO [main] org.apache.catalina.startup.VersionLoggerListener.log OS Name:               Windows 10
03-Oct-2016 19:06:40.738 INFO [main] org.apache.catalina.startup.VersionLoggerListener.log OS Version:            10.0
03-Oct-2016 19:06:40.738 INFO [main] org.apache.catalina.startup.VersionLoggerListener.log Architecture:          amd64
03-Oct-2016 19:06:40.738 INFO [main] org.apache.catalina.startup.VersionLoggerListener.log Java Home:             c:\program files\java\jdk1.8.0_91\jre
03-Oct-2016 19:06:40.739 INFO [main] org.apache.catalina.startup.VersionLoggerListener.log JVM Version:           1.8.0_91-b14
03-Oct-2016 19:06:40.739 INFO [main] org.apache.catalina.startup.VersionLoggerListener.log JVM Vendor:            Oracle Corporation
03-Oct-2016 19:06:40.739 INFO [main] org.apache.catalina.startup.VersionLoggerListener.log CATALINA_BASE:         C:\progs\tomcat8
03-Oct-2016 19:06:40.739 INFO [main] org.apache.catalina.startup.VersionLoggerListener.log CATALINA_HOME:         C:\progs\tomcat8
03-Oct-2016 19:06:40.739 INFO [main] org.apache.catalina.startup.VersionLoggerListener.log Command line argument: -Djdk.tls.ephemeralDHKeySize=2048
03-Oct-2016 19:06:40.739 INFO [main] org.apache.catalina.startup.VersionLoggerListener.log Command line argument: -Djava.util.logging.config.file=C:\progs\tomcat8\conf\logging.properties
03-Oct-2016 19:06:40.740 INFO [main] org.apache.catalina.startup.VersionLoggerListener.log Command line argument: -Djava.util.logging.manager=org.apache.juli.ClassLoaderLogManager
03-Oct-2016 19:06:40.740 INFO [main] org.apache.catalina.startup.VersionLoggerListener.log Command line argument: -Dcatalina.base=C:\progs\tomcat8
03-Oct-2016 19:06:40.740 INFO [main] org.apache.catalina.startup.VersionLoggerListener.log Command line argument: -Dcatalina.home=C:\progs\tomcat8
03-Oct-2016 19:06:40.740 INFO [main] org.apache.catalina.startup.VersionLoggerListener.log Command line argument: -Djava.io.tmpdir=C:\progs\tomcat8\temp
03-Oct-2016 19:06:40.741 INFO [main] org.apache.catalina.core.AprLifecycleListener.lifecycleEvent The APR based Apache Tomcat Native library which allows optimal performance in production environments was not found on the java.library.path: c:\program files\java\jdk1.8.0_91\bin;C:\WINDOWS\Sun\Java\bin;C:\WINDOWS\system32;C:\WINDOWS;C:\ProgramData\Oracle\Java\javapath;C:\Program Files (x86)\Intel\iCLS Client\;C:\Program Files\Intel\iCLS Client\;C:\Windows\system32;C:\Windows;C:\Windows\System32\Wbem;C:\Windows\System32\WindowsPowerShell\v1.0\;C:\Program Files (x86)\Intel\Intel(R) Management Engine Components\DAL;C:\Program Files\Intel\Intel(R) Management Engine Components\DAL;C:\Program Files (x86)\Intel\Intel(R) Management Engine Components\IPT;C:\Program Files\Intel\Intel(R) Management Engine Components\IPT;C:\Program Files (x86)\NVIDIA Corporation\PhysX\Common;C:\WINDOWS\system32;C:\WINDOWS;C:\WINDOWS\System32\Wbem;C:\WINDOWS\System32\WindowsPowerShell\v1.0\;C:\Users\Joshua\AppData\Local\Microsoft\WindowsApps;;.
03-Oct-2016 19:06:40.840 INFO [main] org.apache.coyote.AbstractProtocol.init Initializing ProtocolHandler ["http-nio-8080"]
03-Oct-2016 19:06:40.895 INFO [main] org.apache.tomcat.util.net.NioSelectorPool.getSharedSelector Using a shared selector for servlet write/read
03-Oct-2016 19:06:40.898 INFO [main] org.apache.coyote.AbstractProtocol.init Initializing ProtocolHandler ["ajp-nio-8009"]
03-Oct-2016 19:06:40.900 INFO [main] org.apache.tomcat.util.net.NioSelectorPool.getSharedSelector Using a shared selector for servlet write/read
03-Oct-2016 19:06:40.900 INFO [main] org.apache.catalina.startup.Catalina.load Initialization processed in 440 ms
03-Oct-2016 19:06:40.921 INFO [main] org.apache.catalina.core.StandardService.startInternal Starting service Catalina
03-Oct-2016 19:06:40.922 INFO [main] org.apache.catalina.core.StandardEngine.startInternal Starting Servlet Engine: Apache Tomcat/8.5.5
03-Oct-2016 19:06:40.929 INFO [localhost-startStop-1] org.apache.catalina.startup.HostConfig.deployDirectory Deploying web application directory C:\progs\tomcat8\webapps\docs
03-Oct-2016 19:06:41.160 INFO [localhost-startStop-1] org.apache.jasper.servlet.TldScanner.scanJars At least one JAR was scanned for TLDs yet contained no TLDs. Enable debug logging for this logger for a complete list of JARs that were scanned but no TLDs were found in them. Skipping unneeded JARs during scanning can improve startup time and JSP compilation time.
03-Oct-2016 19:06:41.677 INFO [localhost-startStop-1] org.apache.catalina.util.SessionIdGeneratorBase.createSecureRandom Creation of SecureRandom instance for session ID generation using [SHA1PRNG] took [497] milliseconds.
03-Oct-2016 19:06:41.692 INFO [localhost-startStop-1] org.apache.catalina.startup.HostConfig.deployDirectory Deployment of web application directory C:\progs\tomcat8\webapps\docs has finished in 763 ms
03-Oct-2016 19:06:41.693 INFO [localhost-startStop-1] org.apache.catalina.startup.HostConfig.deployDirectory Deploying web application directory C:\progs\tomcat8\webapps\examples
03-Oct-2016 19:06:41.927 INFO [localhost-startStop-1] org.apache.jasper.servlet.TldScanner.scanJars At least one JAR was scanned for TLDs yet contained no TLDs. Enable debug logging for this logger for a complete list of JARs that were scanned but no TLDs were found in them. Skipping unneeded JARs during scanning can improve startup time and JSP compilation time.
03-Oct-2016 19:06:41.965 INFO [localhost-startStop-1] org.apache.catalina.startup.HostConfig.deployDirectory Deployment of web application directory C:\progs\tomcat8\webapps\examples has finished in 272 ms
03-Oct-2016 19:06:41.966 INFO [localhost-startStop-1] org.apache.catalina.startup.HostConfig.deployDirectory Deploying web application directory C:\progs\tomcat8\webapps\host-manager
03-Oct-2016 19:06:42.012 INFO [localhost-startStop-1] org.apache.jasper.servlet.TldScanner.scanJars At least one JAR was scanned for TLDs yet contained no TLDs. Enable debug logging for this logger for a complete list of JARs that were scanned but no TLDs were found in them. Skipping unneeded JARs during scanning can improve startup time and JSP compilation time.
03-Oct-2016 19:06:42.015 INFO [localhost-startStop-1] org.apache.catalina.startup.HostConfig.deployDirectory Deployment of web application directory C:\progs\tomcat8\webapps\host-manager has finished in 50 ms
03-Oct-2016 19:06:42.015 INFO [localhost-startStop-1] org.apache.catalina.startup.HostConfig.deployDirectory Deploying web application directory C:\progs\tomcat8\webapps\manager
03-Oct-2016 19:06:42.059 INFO [localhost-startStop-1] org.apache.jasper.servlet.TldScanner.scanJars At least one JAR was scanned for TLDs yet contained no TLDs. Enable debug logging for this logger for a complete list of JARs that were scanned but no TLDs were found in them. Skipping unneeded JARs during scanning can improve startup time and JSP compilation time.
03-Oct-2016 19:06:42.061 INFO [localhost-startStop-1] org.apache.catalina.startup.HostConfig.deployDirectory Deployment of web application directory C:\progs\tomcat8\webapps\manager has finished in 46 ms
03-Oct-2016 19:06:42.061 INFO [localhost-startStop-1] org.apache.catalina.startup.HostConfig.deployDirectory Deploying web application directory C:\progs\tomcat8\webapps\myapp
03-Oct-2016 19:06:42.102 INFO [localhost-startStop-1] org.apache.jasper.servlet.TldScanner.scanJars At least one JAR was scanned for TLDs yet contained no TLDs. Enable debug logging for this logger for a complete list of JARs that were scanned but no TLDs were found in them. Skipping unneeded JARs during scanning can improve startup time and JSP compilation time.
03-Oct-2016 19:06:42.107 INFO [localhost-startStop-1] org.apache.catalina.startup.HostConfig.deployDirectory Deployment of web application directory C:\progs\tomcat8\webapps\myapp has finished in 46 ms
03-Oct-2016 19:06:42.107 INFO [localhost-startStop-1] org.apache.catalina.startup.HostConfig.deployDirectory Deploying web application directory C:\progs\tomcat8\webapps\ROOT
03-Oct-2016 19:06:42.147 INFO [localhost-startStop-1] org.apache.jasper.servlet.TldScanner.scanJars At least one JAR was scanned for TLDs yet contained no TLDs. Enable debug logging for this logger for a complete list of JARs that were scanned but no TLDs were found in them. Skipping unneeded JARs during scanning can improve startup time and JSP compilation time.
03-Oct-2016 19:06:42.149 INFO [localhost-startStop-1] org.apache.catalina.startup.HostConfig.deployDirectory Deployment of web application directory C:\progs\tomcat8\webapps\ROOT has finished in 42 ms
03-Oct-2016 19:06:42.149 INFO [localhost-startStop-1] org.apache.catalina.startup.HostConfig.deployDirectory Deploying web application directory C:\progs\tomcat8\webapps\webserv1
03-Oct-2016 19:06:42.699 INFO [localhost-startStop-1] org.apache.jasper.servlet.TldScanner.scanJars At least one JAR was scanned for TLDs yet contained no TLDs. Enable debug logging for this logger for a complete list of JARs that were scanned but no TLDs were found in them. Skipping unneeded JARs during scanning can improve startup time and JSP compilation time.
03-Oct-2016 19:06:43.455 INFO [localhost-startStop-1] org.apache.catalina.startup.HostConfig.deployDirectory Deployment of web application directory C:\progs\tomcat8\webapps\webserv1 has finished in 1,305 ms
03-Oct-2016 19:06:43.457 INFO [main] org.apache.coyote.AbstractProtocol.start Starting ProtocolHandler [http-nio-8080]
03-Oct-2016 19:06:43.463 INFO [main] org.apache.coyote.AbstractProtocol.start Starting ProtocolHandler [ajp-nio-8009]
03-Oct-2016 19:06:43.464 INFO [main] org.apache.catalina.startup.Catalina.start Server startup in 2563 ms
