13-Sep-2016 20:05:29.039 INFO [main] org.apache.catalina.startup.VersionLoggerListener.log Server version:        Apache Tomcat/8.5.5
13-Sep-2016 20:05:29.040 INFO [main] org.apache.catalina.startup.VersionLoggerListener.log Server built:          Aug 31 2016 19:51:16 UTC
13-Sep-2016 20:05:29.040 INFO [main] org.apache.catalina.startup.VersionLoggerListener.log Server number:         8.5.5.0
13-Sep-2016 20:05:29.040 INFO [main] org.apache.catalina.startup.VersionLoggerListener.log OS Name:               Windows 10
13-Sep-2016 20:05:29.041 INFO [main] org.apache.catalina.startup.VersionLoggerListener.log OS Version:            10.0
13-Sep-2016 20:05:29.041 INFO [main] org.apache.catalina.startup.VersionLoggerListener.log Architecture:          amd64
13-Sep-2016 20:05:29.041 INFO [main] org.apache.catalina.startup.VersionLoggerListener.log Java Home:             c:\Program Files\Java\jdk1.8.0_91\jre
13-Sep-2016 20:05:29.041 INFO [main] org.apache.catalina.startup.VersionLoggerListener.log JVM Version:           1.8.0_91-b14
13-Sep-2016 20:05:29.041 INFO [main] org.apache.catalina.startup.VersionLoggerListener.log JVM Vendor:            Oracle Corporation
13-Sep-2016 20:05:29.042 INFO [main] org.apache.catalina.startup.VersionLoggerListener.log CATALINA_BASE:         C:\progs\tomcat8
13-Sep-2016 20:05:29.042 INFO [main] org.apache.catalina.startup.VersionLoggerListener.log CATALINA_HOME:         C:\progs\tomcat8
13-Sep-2016 20:05:29.043 INFO [main] org.apache.catalina.startup.VersionLoggerListener.log Command line argument: -Djdk.tls.ephemeralDHKeySize=2048
13-Sep-2016 20:05:29.043 INFO [main] org.apache.catalina.startup.VersionLoggerListener.log Command line argument: -Djava.util.logging.config.file=C:\progs\tomcat8\conf\logging.properties
13-Sep-2016 20:05:29.043 INFO [main] org.apache.catalina.startup.VersionLoggerListener.log Command line argument: -Djava.util.logging.manager=org.apache.juli.ClassLoaderLogManager
13-Sep-2016 20:05:29.043 INFO [main] org.apache.catalina.startup.VersionLoggerListener.log Command line argument: -Dcatalina.base=C:\progs\tomcat8
13-Sep-2016 20:05:29.043 INFO [main] org.apache.catalina.startup.VersionLoggerListener.log Command line argument: -Dcatalina.home=C:\progs\tomcat8
13-Sep-2016 20:05:29.044 INFO [main] org.apache.catalina.startup.VersionLoggerListener.log Command line argument: -Djava.io.tmpdir=C:\progs\tomcat8\temp
13-Sep-2016 20:05:29.044 INFO [main] org.apache.catalina.core.AprLifecycleListener.lifecycleEvent The APR based Apache Tomcat Native library which allows optimal performance in production environments was not found on the java.library.path: c:\Program Files\Java\jdk1.8.0_91\bin;C:\WINDOWS\Sun\Java\bin;C:\WINDOWS\system32;C:\WINDOWS;C:\ProgramData\Oracle\Java\javapath;C:\Program Files (x86)\Intel\iCLS Client\;C:\Program Files\Intel\iCLS Client\;C:\Windows\system32;C:\Windows;C:\Windows\System32\Wbem;C:\Windows\System32\WindowsPowerShell\v1.0\;C:\Program Files (x86)\Intel\Intel(R) Management Engine Components\DAL;C:\Program Files\Intel\Intel(R) Management Engine Components\DAL;C:\Program Files (x86)\Intel\Intel(R) Management Engine Components\IPT;C:\Program Files\Intel\Intel(R) Management Engine Components\IPT;C:\Program Files (x86)\NVIDIA Corporation\PhysX\Common;C:\WINDOWS\system32;C:\WINDOWS;C:\WINDOWS\System32\Wbem;C:\WINDOWS\System32\WindowsPowerShell\v1.0\;C:\Users\Joshua\AppData\Local\Microsoft\WindowsApps;;.
13-Sep-2016 20:05:30.189 INFO [main] org.apache.coyote.AbstractProtocol.init Initializing ProtocolHandler ["http-nio-8080"]
13-Sep-2016 20:05:30.447 INFO [main] org.apache.tomcat.util.net.NioSelectorPool.getSharedSelector Using a shared selector for servlet write/read
13-Sep-2016 20:05:30.450 INFO [main] org.apache.coyote.AbstractProtocol.init Initializing ProtocolHandler ["ajp-nio-8009"]
13-Sep-2016 20:05:30.452 INFO [main] org.apache.tomcat.util.net.NioSelectorPool.getSharedSelector Using a shared selector for servlet write/read
13-Sep-2016 20:05:30.452 INFO [main] org.apache.catalina.startup.Catalina.load Initialization processed in 2416 ms
13-Sep-2016 20:05:30.574 INFO [main] org.apache.catalina.core.StandardService.startInternal Starting service Catalina
13-Sep-2016 20:05:30.574 INFO [main] org.apache.catalina.core.StandardEngine.startInternal Starting Servlet Engine: Apache Tomcat/8.5.5
13-Sep-2016 20:05:30.648 INFO [localhost-startStop-1] org.apache.catalina.startup.HostConfig.deployDirectory Deploying web application directory C:\progs\tomcat8\webapps\docs
13-Sep-2016 20:05:31.636 INFO [localhost-startStop-1] org.apache.catalina.util.SessionIdGeneratorBase.createSecureRandom Creation of SecureRandom instance for session ID generation using [SHA1PRNG] took [266] milliseconds.
13-Sep-2016 20:05:31.673 INFO [localhost-startStop-1] org.apache.catalina.startup.HostConfig.deployDirectory Deployment of web application directory C:\progs\tomcat8\webapps\docs has finished in 1,025 ms
13-Sep-2016 20:05:31.673 INFO [localhost-startStop-1] org.apache.catalina.startup.HostConfig.deployDirectory Deploying web application directory C:\progs\tomcat8\webapps\examples
13-Sep-2016 20:05:34.199 INFO [localhost-startStop-1] org.apache.catalina.startup.HostConfig.deployDirectory Deployment of web application directory C:\progs\tomcat8\webapps\examples has finished in 2,526 ms
13-Sep-2016 20:05:34.200 INFO [localhost-startStop-1] org.apache.catalina.startup.HostConfig.deployDirectory Deploying web application directory C:\progs\tomcat8\webapps\host-manager
13-Sep-2016 20:05:34.268 INFO [localhost-startStop-1] org.apache.catalina.startup.HostConfig.deployDirectory Deployment of web application directory C:\progs\tomcat8\webapps\host-manager has finished in 68 ms
13-Sep-2016 20:05:34.269 INFO [localhost-startStop-1] org.apache.catalina.startup.HostConfig.deployDirectory Deploying web application directory C:\progs\tomcat8\webapps\manager
13-Sep-2016 20:05:34.345 INFO [localhost-startStop-1] org.apache.catalina.startup.HostConfig.deployDirectory Deployment of web application directory C:\progs\tomcat8\webapps\manager has finished in 75 ms
13-Sep-2016 20:05:34.345 INFO [localhost-startStop-1] org.apache.catalina.startup.HostConfig.deployDirectory Deploying web application directory C:\progs\tomcat8\webapps\myapp
13-Sep-2016 20:05:34.398 INFO [localhost-startStop-1] org.apache.catalina.startup.HostConfig.deployDirectory Deployment of web application directory C:\progs\tomcat8\webapps\myapp has finished in 53 ms
13-Sep-2016 20:05:34.399 INFO [localhost-startStop-1] org.apache.catalina.startup.HostConfig.deployDirectory Deploying web application directory C:\progs\tomcat8\webapps\ROOT
13-Sep-2016 20:05:34.436 INFO [localhost-startStop-1] org.apache.catalina.startup.HostConfig.deployDirectory Deployment of web application directory C:\progs\tomcat8\webapps\ROOT has finished in 37 ms
13-Sep-2016 20:05:34.436 INFO [localhost-startStop-1] org.apache.catalina.startup.HostConfig.deployDirectory Deploying web application directory C:\progs\tomcat8\webapps\webserv1
13-Sep-2016 20:05:36.271 INFO [localhost-startStop-1] org.apache.jasper.servlet.TldScanner.scanJars At least one JAR was scanned for TLDs yet contained no TLDs. Enable debug logging for this logger for a complete list of JARs that were scanned but no TLDs were found in them. Skipping unneeded JARs during scanning can improve startup time and JSP compilation time.
13-Sep-2016 20:05:37.122 INFO [localhost-startStop-1] org.apache.catalina.startup.HostConfig.deployDirectory Deployment of web application directory C:\progs\tomcat8\webapps\webserv1 has finished in 2,686 ms
13-Sep-2016 20:05:37.128 INFO [main] org.apache.coyote.AbstractProtocol.start Starting ProtocolHandler [http-nio-8080]
13-Sep-2016 20:05:37.133 INFO [main] org.apache.coyote.AbstractProtocol.start Starting ProtocolHandler [ajp-nio-8009]
13-Sep-2016 20:05:37.135 INFO [main] org.apache.catalina.startup.Catalina.start Server startup in 6682 ms
13-Sep-2016 22:23:30.062 SEVERE [main] org.apache.catalina.startup.Catalina.stopServer Could not contact localhost:8005. Tomcat may not be running.
13-Sep-2016 22:24:24.584 INFO [main] org.apache.catalina.startup.VersionLoggerListener.log Server version:        Apache Tomcat/8.5.5
13-Sep-2016 22:24:24.585 INFO [main] org.apache.catalina.startup.VersionLoggerListener.log Server built:          Aug 31 2016 19:51:16 UTC
13-Sep-2016 22:24:24.585 INFO [main] org.apache.catalina.startup.VersionLoggerListener.log Server number:         8.5.5.0
13-Sep-2016 22:24:24.585 INFO [main] org.apache.catalina.startup.VersionLoggerListener.log OS Name:               Windows 10
13-Sep-2016 22:24:24.586 INFO [main] org.apache.catalina.startup.VersionLoggerListener.log OS Version:            10.0
13-Sep-2016 22:24:24.586 INFO [main] org.apache.catalina.startup.VersionLoggerListener.log Architecture:          amd64
13-Sep-2016 22:24:24.586 INFO [main] org.apache.catalina.startup.VersionLoggerListener.log Java Home:             c:\program files\java\jdk1.8.0_91\jre
13-Sep-2016 22:24:24.586 INFO [main] org.apache.catalina.startup.VersionLoggerListener.log JVM Version:           1.8.0_91-b14
13-Sep-2016 22:24:24.586 INFO [main] org.apache.catalina.startup.VersionLoggerListener.log JVM Vendor:            Oracle Corporation
13-Sep-2016 22:24:24.586 INFO [main] org.apache.catalina.startup.VersionLoggerListener.log CATALINA_BASE:         C:\progs\tomcat8
13-Sep-2016 22:24:24.587 INFO [main] org.apache.catalina.startup.VersionLoggerListener.log CATALINA_HOME:         C:\progs\tomcat8
13-Sep-2016 22:24:24.587 INFO [main] org.apache.catalina.startup.VersionLoggerListener.log Command line argument: -Djdk.tls.ephemeralDHKeySize=2048
13-Sep-2016 22:24:24.588 INFO [main] org.apache.catalina.startup.VersionLoggerListener.log Command line argument: -Djava.util.logging.config.file=c:\progs\tomcat8\conf\logging.properties
13-Sep-2016 22:24:24.588 INFO [main] org.apache.catalina.startup.VersionLoggerListener.log Command line argument: -Djava.util.logging.manager=org.apache.juli.ClassLoaderLogManager
13-Sep-2016 22:24:24.588 INFO [main] org.apache.catalina.startup.VersionLoggerListener.log Command line argument: -Dcatalina.base=c:\progs\tomcat8
13-Sep-2016 22:24:24.588 INFO [main] org.apache.catalina.startup.VersionLoggerListener.log Command line argument: -Dcatalina.home=c:\progs\tomcat8
13-Sep-2016 22:24:24.588 INFO [main] org.apache.catalina.startup.VersionLoggerListener.log Command line argument: -Djava.io.tmpdir=c:\progs\tomcat8\temp
13-Sep-2016 22:24:24.589 INFO [main] org.apache.catalina.core.AprLifecycleListener.lifecycleEvent The APR based Apache Tomcat Native library which allows optimal performance in production environments was not found on the java.library.path: c:\program files\java\jdk1.8.0_91\bin;C:\WINDOWS\Sun\Java\bin;C:\WINDOWS\system32;C:\WINDOWS;C:\ProgramData\Oracle\Java\javapath;C:\Program Files (x86)\Intel\iCLS Client\;C:\Program Files\Intel\iCLS Client\;C:\Windows\system32;C:\Windows;C:\Windows\System32\Wbem;C:\Windows\System32\WindowsPowerShell\v1.0\;C:\Program Files (x86)\Intel\Intel(R) Management Engine Components\DAL;C:\Program Files\Intel\Intel(R) Management Engine Components\DAL;C:\Program Files (x86)\Intel\Intel(R) Management Engine Components\IPT;C:\Program Files\Intel\Intel(R) Management Engine Components\IPT;C:\Program Files (x86)\NVIDIA Corporation\PhysX\Common;C:\WINDOWS\system32;C:\WINDOWS;C:\WINDOWS\System32\Wbem;C:\WINDOWS\System32\WindowsPowerShell\v1.0\;C:\Users\Joshua\AppData\Local\Microsoft\WindowsApps;;.
13-Sep-2016 22:24:24.687 INFO [main] org.apache.coyote.AbstractProtocol.init Initializing ProtocolHandler ["http-nio-8080"]
13-Sep-2016 22:24:24.741 INFO [main] org.apache.tomcat.util.net.NioSelectorPool.getSharedSelector Using a shared selector for servlet write/read
13-Sep-2016 22:24:24.743 INFO [main] org.apache.coyote.AbstractProtocol.init Initializing ProtocolHandler ["ajp-nio-8009"]
13-Sep-2016 22:24:24.745 INFO [main] org.apache.tomcat.util.net.NioSelectorPool.getSharedSelector Using a shared selector for servlet write/read
13-Sep-2016 22:24:24.745 INFO [main] org.apache.catalina.startup.Catalina.load Initialization processed in 428 ms
13-Sep-2016 22:24:24.764 INFO [main] org.apache.catalina.core.StandardService.startInternal Starting service Catalina
13-Sep-2016 22:24:24.764 INFO [main] org.apache.catalina.core.StandardEngine.startInternal Starting Servlet Engine: Apache Tomcat/8.5.5
13-Sep-2016 22:24:24.771 INFO [localhost-startStop-1] org.apache.catalina.startup.HostConfig.deployDirectory Deploying web application directory C:\progs\tomcat8\webapps\docs
13-Sep-2016 22:24:25.155 INFO [localhost-startStop-1] org.apache.catalina.util.SessionIdGeneratorBase.createSecureRandom Creation of SecureRandom instance for session ID generation using [SHA1PRNG] took [208] milliseconds.
13-Sep-2016 22:24:25.172 INFO [localhost-startStop-1] org.apache.catalina.startup.HostConfig.deployDirectory Deployment of web application directory C:\progs\tomcat8\webapps\docs has finished in 401 ms
13-Sep-2016 22:24:25.172 INFO [localhost-startStop-1] org.apache.catalina.startup.HostConfig.deployDirectory Deploying web application directory C:\progs\tomcat8\webapps\examples
13-Sep-2016 22:24:25.408 INFO [localhost-startStop-1] org.apache.catalina.startup.HostConfig.deployDirectory Deployment of web application directory C:\progs\tomcat8\webapps\examples has finished in 236 ms
13-Sep-2016 22:24:25.409 INFO [localhost-startStop-1] org.apache.catalina.startup.HostConfig.deployDirectory Deploying web application directory C:\progs\tomcat8\webapps\host-manager
13-Sep-2016 22:24:25.445 INFO [localhost-startStop-1] org.apache.catalina.startup.HostConfig.deployDirectory Deployment of web application directory C:\progs\tomcat8\webapps\host-manager has finished in 36 ms
13-Sep-2016 22:24:25.445 INFO [localhost-startStop-1] org.apache.catalina.startup.HostConfig.deployDirectory Deploying web application directory C:\progs\tomcat8\webapps\manager
13-Sep-2016 22:24:25.464 INFO [localhost-startStop-1] org.apache.catalina.startup.HostConfig.deployDirectory Deployment of web application directory C:\progs\tomcat8\webapps\manager has finished in 19 ms
13-Sep-2016 22:24:25.464 INFO [localhost-startStop-1] org.apache.catalina.startup.HostConfig.deployDirectory Deploying web application directory C:\progs\tomcat8\webapps\myapp
13-Sep-2016 22:24:25.482 INFO [localhost-startStop-1] org.apache.catalina.startup.HostConfig.deployDirectory Deployment of web application directory C:\progs\tomcat8\webapps\myapp has finished in 17 ms
13-Sep-2016 22:24:25.482 INFO [localhost-startStop-1] org.apache.catalina.startup.HostConfig.deployDirectory Deploying web application directory C:\progs\tomcat8\webapps\ROOT
13-Sep-2016 22:24:25.495 INFO [localhost-startStop-1] org.apache.catalina.startup.HostConfig.deployDirectory Deployment of web application directory C:\progs\tomcat8\webapps\ROOT has finished in 13 ms
13-Sep-2016 22:24:25.496 INFO [localhost-startStop-1] org.apache.catalina.startup.HostConfig.deployDirectory Deploying web application directory C:\progs\tomcat8\webapps\webserv1
13-Sep-2016 22:24:25.955 INFO [localhost-startStop-1] org.apache.jasper.servlet.TldScanner.scanJars At least one JAR was scanned for TLDs yet contained no TLDs. Enable debug logging for this logger for a complete list of JARs that were scanned but no TLDs were found in them. Skipping unneeded JARs during scanning can improve startup time and JSP compilation time.
13-Sep-2016 22:24:26.277 INFO [localhost-startStop-1] org.apache.catalina.startup.HostConfig.deployDirectory Deployment of web application directory C:\progs\tomcat8\webapps\webserv1 has finished in 781 ms
13-Sep-2016 22:24:26.280 INFO [main] org.apache.coyote.AbstractProtocol.start Starting ProtocolHandler [http-nio-8080]
13-Sep-2016 22:24:26.287 INFO [main] org.apache.coyote.AbstractProtocol.start Starting ProtocolHandler [ajp-nio-8009]
13-Sep-2016 22:24:26.288 INFO [main] org.apache.catalina.startup.Catalina.start Server startup in 1542 ms
13-Sep-2016 22:32:16.174 INFO [main] org.apache.catalina.startup.VersionLoggerListener.log Server version:        Apache Tomcat/8.5.5
13-Sep-2016 22:32:16.175 INFO [main] org.apache.catalina.startup.VersionLoggerListener.log Server built:          Aug 31 2016 19:51:16 UTC
13-Sep-2016 22:32:16.176 INFO [main] org.apache.catalina.startup.VersionLoggerListener.log Server number:         8.5.5.0
13-Sep-2016 22:32:16.176 INFO [main] org.apache.catalina.startup.VersionLoggerListener.log OS Name:               Windows 10
13-Sep-2016 22:32:16.176 INFO [main] org.apache.catalina.startup.VersionLoggerListener.log OS Version:            10.0
13-Sep-2016 22:32:16.176 INFO [main] org.apache.catalina.startup.VersionLoggerListener.log Architecture:          amd64
13-Sep-2016 22:32:16.176 INFO [main] org.apache.catalina.startup.VersionLoggerListener.log Java Home:             c:\program files\java\jdk1.8.0_91\jre
13-Sep-2016 22:32:16.176 INFO [main] org.apache.catalina.startup.VersionLoggerListener.log JVM Version:           1.8.0_91-b14
13-Sep-2016 22:32:16.176 INFO [main] org.apache.catalina.startup.VersionLoggerListener.log JVM Vendor:            Oracle Corporation
13-Sep-2016 22:32:16.177 INFO [main] org.apache.catalina.startup.VersionLoggerListener.log CATALINA_BASE:         C:\progs\tomcat8
13-Sep-2016 22:32:16.178 INFO [main] org.apache.catalina.startup.VersionLoggerListener.log CATALINA_HOME:         C:\progs\tomcat8
13-Sep-2016 22:32:16.178 INFO [main] org.apache.catalina.startup.VersionLoggerListener.log Command line argument: -Djdk.tls.ephemeralDHKeySize=2048
13-Sep-2016 22:32:16.178 INFO [main] org.apache.catalina.startup.VersionLoggerListener.log Command line argument: -Djava.util.logging.config.file=c:\progs\tomcat8\conf\logging.properties
13-Sep-2016 22:32:16.178 INFO [main] org.apache.catalina.startup.VersionLoggerListener.log Command line argument: -Djava.util.logging.manager=org.apache.juli.ClassLoaderLogManager
13-Sep-2016 22:32:16.178 INFO [main] org.apache.catalina.startup.VersionLoggerListener.log Command line argument: -Dcatalina.base=c:\progs\tomcat8
13-Sep-2016 22:32:16.178 INFO [main] org.apache.catalina.startup.VersionLoggerListener.log Command line argument: -Dcatalina.home=c:\progs\tomcat8
13-Sep-2016 22:32:16.178 INFO [main] org.apache.catalina.startup.VersionLoggerListener.log Command line argument: -Djava.io.tmpdir=c:\progs\tomcat8\temp
13-Sep-2016 22:32:16.179 INFO [main] org.apache.catalina.core.AprLifecycleListener.lifecycleEvent The APR based Apache Tomcat Native library which allows optimal performance in production environments was not found on the java.library.path: c:\program files\java\jdk1.8.0_91\bin;C:\WINDOWS\Sun\Java\bin;C:\WINDOWS\system32;C:\WINDOWS;C:\ProgramData\Oracle\Java\javapath;C:\Program Files (x86)\Intel\iCLS Client\;C:\Program Files\Intel\iCLS Client\;C:\Windows\system32;C:\Windows;C:\Windows\System32\Wbem;C:\Windows\System32\WindowsPowerShell\v1.0\;C:\Program Files (x86)\Intel\Intel(R) Management Engine Components\DAL;C:\Program Files\Intel\Intel(R) Management Engine Components\DAL;C:\Program Files (x86)\Intel\Intel(R) Management Engine Components\IPT;C:\Program Files\Intel\Intel(R) Management Engine Components\IPT;C:\Program Files (x86)\NVIDIA Corporation\PhysX\Common;C:\WINDOWS\system32;C:\WINDOWS;C:\WINDOWS\System32\Wbem;C:\WINDOWS\System32\WindowsPowerShell\v1.0\;C:\Users\Joshua\AppData\Local\Microsoft\WindowsApps;;.
13-Sep-2016 22:32:16.275 INFO [main] org.apache.coyote.AbstractProtocol.init Initializing ProtocolHandler ["http-nio-8080"]
13-Sep-2016 22:32:16.328 INFO [main] org.apache.tomcat.util.net.NioSelectorPool.getSharedSelector Using a shared selector for servlet write/read
13-Sep-2016 22:32:16.331 INFO [main] org.apache.coyote.AbstractProtocol.init Initializing ProtocolHandler ["ajp-nio-8009"]
13-Sep-2016 22:32:16.333 INFO [main] org.apache.tomcat.util.net.NioSelectorPool.getSharedSelector Using a shared selector for servlet write/read
13-Sep-2016 22:32:16.334 INFO [main] org.apache.catalina.startup.Catalina.load Initialization processed in 422 ms
13-Sep-2016 22:32:16.355 INFO [main] org.apache.catalina.core.StandardService.startInternal Starting service Catalina
13-Sep-2016 22:32:16.355 INFO [main] org.apache.catalina.core.StandardEngine.startInternal Starting Servlet Engine: Apache Tomcat/8.5.5
13-Sep-2016 22:32:16.363 INFO [localhost-startStop-1] org.apache.catalina.startup.HostConfig.deployDirectory Deploying web application directory C:\progs\tomcat8\webapps\docs
13-Sep-2016 22:32:16.760 INFO [localhost-startStop-1] org.apache.catalina.util.SessionIdGeneratorBase.createSecureRandom Creation of SecureRandom instance for session ID generation using [SHA1PRNG] took [212] milliseconds.
13-Sep-2016 22:32:16.776 INFO [localhost-startStop-1] org.apache.catalina.startup.HostConfig.deployDirectory Deployment of web application directory C:\progs\tomcat8\webapps\docs has finished in 413 ms
13-Sep-2016 22:32:16.776 INFO [localhost-startStop-1] org.apache.catalina.startup.HostConfig.deployDirectory Deploying web application directory C:\progs\tomcat8\webapps\examples
13-Sep-2016 22:32:17.018 INFO [localhost-startStop-1] org.apache.catalina.startup.HostConfig.deployDirectory Deployment of web application directory C:\progs\tomcat8\webapps\examples has finished in 242 ms
13-Sep-2016 22:32:17.019 INFO [localhost-startStop-1] org.apache.catalina.startup.HostConfig.deployDirectory Deploying web application directory C:\progs\tomcat8\webapps\host-manager
13-Sep-2016 22:32:17.052 INFO [localhost-startStop-1] org.apache.catalina.startup.HostConfig.deployDirectory Deployment of web application directory C:\progs\tomcat8\webapps\host-manager has finished in 33 ms
13-Sep-2016 22:32:17.053 INFO [localhost-startStop-1] org.apache.catalina.startup.HostConfig.deployDirectory Deploying web application directory C:\progs\tomcat8\webapps\manager
13-Sep-2016 22:32:17.073 INFO [localhost-startStop-1] org.apache.catalina.startup.HostConfig.deployDirectory Deployment of web application directory C:\progs\tomcat8\webapps\manager has finished in 19 ms
13-Sep-2016 22:32:17.073 INFO [localhost-startStop-1] org.apache.catalina.startup.HostConfig.deployDirectory Deploying web application directory C:\progs\tomcat8\webapps\myapp
13-Sep-2016 22:32:17.092 INFO [localhost-startStop-1] org.apache.catalina.startup.HostConfig.deployDirectory Deployment of web application directory C:\progs\tomcat8\webapps\myapp has finished in 19 ms
13-Sep-2016 22:32:17.092 INFO [localhost-startStop-1] org.apache.catalina.startup.HostConfig.deployDirectory Deploying web application directory C:\progs\tomcat8\webapps\ROOT
13-Sep-2016 22:32:17.107 INFO [localhost-startStop-1] org.apache.catalina.startup.HostConfig.deployDirectory Deployment of web application directory C:\progs\tomcat8\webapps\ROOT has finished in 14 ms
13-Sep-2016 22:32:17.107 INFO [localhost-startStop-1] org.apache.catalina.startup.HostConfig.deployDirectory Deploying web application directory C:\progs\tomcat8\webapps\webserv1
13-Sep-2016 22:32:17.564 INFO [localhost-startStop-1] org.apache.jasper.servlet.TldScanner.scanJars At least one JAR was scanned for TLDs yet contained no TLDs. Enable debug logging for this logger for a complete list of JARs that were scanned but no TLDs were found in them. Skipping unneeded JARs during scanning can improve startup time and JSP compilation time.
13-Sep-2016 22:32:17.897 INFO [localhost-startStop-1] org.apache.catalina.startup.HostConfig.deployDirectory Deployment of web application directory C:\progs\tomcat8\webapps\webserv1 has finished in 790 ms
13-Sep-2016 22:32:17.900 INFO [main] org.apache.coyote.AbstractProtocol.start Starting ProtocolHandler [http-nio-8080]
13-Sep-2016 22:32:17.906 INFO [main] org.apache.coyote.AbstractProtocol.start Starting ProtocolHandler [ajp-nio-8009]
13-Sep-2016 22:32:17.907 INFO [main] org.apache.catalina.startup.Catalina.start Server startup in 1573 ms
